<?xml version="1.0" encoding="UTF-8" ?>
<testsuite failures="0" time="7.8" errors="1" skipped="0" tests="1" name="com.ulearning.ulms.appbackend.dao.UserDaoTest">
  <properties>
[...]
</properties>
  <testcase time="6.942" classname="com.ulearning.ulms.appbackend.dao.UserDaoTest" name="checkUser">
    <error message="Failed to load ApplicationContext" type="java.lang.IllegalStateException">java.lang.IllegalStateException: Failed to load ApplicationContext
	at org.springframework.test.context.TestContext.getApplicationContext(TestContext.java:157)
	at org.springframework.test.context.support.DependencyInjectionTestExecutionListener.injectDependencies(DependencyInjectionTestExecutionListener.java:109)
	at org.springframework.test.context.support.DependencyInjectionTestExecutionListener.prepareTestInstance(DependencyInjectionTestExecutionListener.java:75)
	at org.springframework.test.context.TestContextManager.prepareTestInstance(TestContextManager.java:321)
	at org.springframework.test.context.junit4.SpringJUnit4ClassRunner.createTest(SpringJUnit4ClassRunner.java:211)
	at org.springframework.test.context.junit4.SpringJUnit4ClassRunner$1.runReflectiveCall(SpringJUnit4ClassRunner.java:288)
	at org.junit.internal.runners.model.ReflectiveCallable.run(ReflectiveCallable.java:15)
	at org.springframework.test.context.junit4.SpringJUnit4ClassRunner.methodBlock(SpringJUnit4ClassRunner.java:290)
	at org.springframework.test.context.junit4.SpringJUnit4ClassRunner.runChild(SpringJUnit4ClassRunner.java:231)
	at org.junit.runners.BlockJUnit4ClassRunner.runChild(BlockJUnit4ClassRunner.java:48)
	at org.junit.runners.ParentRunner$3.run(ParentRunner.java:231)
	at org.junit.runners.ParentRunner$1.schedule(ParentRunner.java:60)
	at org.junit.runners.ParentRunner.runChildren(ParentRunner.java:229)
	at org.junit.runners.ParentRunner.access$000(ParentRunner.java:50)
	at org.junit.runners.ParentRunner$2.evaluate(ParentRunner.java:222)
	at org.springframework.test.context.junit4.statements.RunBeforeTestClassCallbacks.evaluate(RunBeforeTestClassCallbacks.java:61)
	at org.springframework.test.context.junit4.statements.RunAfterTestClassCallbacks.evaluate(RunAfterTestClassCallbacks.java:71)
	at org.junit.runners.ParentRunner.run(ParentRunner.java:292)
	at org.springframework.test.context.junit4.SpringJUnit4ClassRunner.run(SpringJUnit4ClassRunner.java:174)
	at org.apache.maven.surefire.junit4.JUnit4TestSet.execute(JUnit4TestSet.java:53)
	at org.apache.maven.surefire.junit4.JUnit4Provider.executeTestSet(JUnit4Provider.java:123)
	at org.apache.maven.surefire.junit4.JUnit4Provider.invoke(JUnit4Provider.java:104)
	at sun.reflect.NativeMethodAccessorImpl.invoke0(Native Method)
	at sun.reflect.NativeMethodAccessorImpl.invoke(NativeMethodAccessorImpl.java:39)
	at sun.reflect.DelegatingMethodAccessorImpl.invoke(DelegatingMethodAccessorImpl.java:25)
	at java.lang.reflect.Method.invoke(Method.java:597)
	at org.apache.maven.surefire.util.ReflectionUtils.invokeMethodWithArray(ReflectionUtils.java:164)
	at org.apache.maven.surefire.booter.ProviderFactory$ProviderProxy.invoke(ProviderFactory.java:110)
	at org.apache.maven.surefire.booter.SurefireStarter.invokeProvider(SurefireStarter.java:175)
	at org.apache.maven.surefire.booter.SurefireStarter.runSuitesInProcessWhenForked(SurefireStarter.java:107)
	at org.apache.maven.surefire.booter.ForkedBooter.main(ForkedBooter.java:68)
Caused by: org.springframework.beans.factory.BeanCreationException: Error creating bean with name &apos;feedRepositoryImpl&apos;: Injection of autowired dependencies failed; nested exception is org.springframework.beans.factory.BeanCreationException: Could not autowire field: protected org.springframework.data.mongodb.core.MongoTemplate com.ulearning.ulms.appbackend.repository.impl.MongoRepositoryImpl.mongoTemplate; nested exception is org.springframework.beans.factory.NoSuchBeanDefinitionException: No matching bean of type [org.springframework.data.mongodb.core.MongoTemplate] found for dependency: expected at least 1 bean which qualifies as autowire candidate for this dependency. Dependency annotations: {@org.springframework.beans.factory.annotation.Autowired(required=true)}
	at org.springframework.beans.factory.annotation.AutowiredAnnotationBeanPostProcessor.postProcessPropertyValues(AutowiredAnnotationBeanPostProcessor.java:287)
	at org.springframework.beans.factory.support.AbstractAutowireCapableBeanFactory.populateBean(AbstractAutowireCapableBeanFactory.java:1106)
	at org.springframework.beans.factory.support.AbstractAutowireCapableBeanFactory.doCreateBean(AbstractAutowireCapableBeanFactory.java:517)
	at org.springframework.beans.factory.support.AbstractAutowireCapableBeanFactory.createBean(AbstractAutowireCapableBeanFactory.java:456)
	at org.springframework.beans.factory.support.AbstractBeanFactory$1.getObject(AbstractBeanFactory.java:294)
	at org.springframework.beans.factory.support.DefaultSingletonBeanRegistry.getSingleton(DefaultSingletonBeanRegistry.java:225)
	at org.springframework.beans.factory.support.AbstractBeanFactory.doGetBean(AbstractBeanFactory.java:291)
	at org.springframework.beans.factory.support.AbstractBeanFactory.getBean(AbstractBeanFactory.java:193)
	at org.springframework.beans.factory.support.DefaultListableBeanFactory.preInstantiateSingletons(DefaultListableBeanFactory.java:609)
	at org.springframework.context.support.AbstractApplicationContext.finishBeanFactoryInitialization(AbstractApplicationContext.java:918)
	at org.springframework.context.support.AbstractApplicationContext.refresh(AbstractApplicationContext.java:469)
	at org.springframework.test.context.support.AbstractGenericContextLoader.loadContext(AbstractGenericContextLoader.java:103)
	at org.springframework.test.context.support.AbstractGenericContextLoader.loadContext(AbstractGenericContextLoader.java:1)
	at org.springframework.test.context.support.DelegatingSmartContextLoader.loadContext(DelegatingSmartContextLoader.java:228)
	at org.springframework.test.context.TestContext.loadApplicationContext(TestContext.java:124)
	at org.springframework.test.context.TestContext.getApplicationContext(TestContext.java:148)
	... 30 more
Caused by: org.springframework.beans.factory.BeanCreationException: Could not autowire field: protected org.springframework.data.mongodb.core.MongoTemplate com.ulearning.ulms.appbackend.repository.impl.MongoRepositoryImpl.mongoTemplate; nested exception is org.springframework.beans.factory.NoSuchBeanDefinitionException: No matching bean of type [org.springframework.data.mongodb.core.MongoTemplate] found for dependency: expected at least 1 bean which qualifies as autowire candidate for this dependency. Dependency annotations: {@org.springframework.beans.factory.annotation.Autowired(required=true)}
	at org.springframework.beans.factory.annotation.AutowiredAnnotationBeanPostProcessor$AutowiredFieldElement.inject(AutowiredAnnotationBeanPostProcessor.java:506)
	at org.springframework.beans.factory.annotation.InjectionMetadata.inject(InjectionMetadata.java:87)
	at org.springframework.beans.factory.annotation.AutowiredAnnotationBeanPostProcessor.postProcessPropertyValues(AutowiredAnnotationBeanPostProcessor.java:284)
	... 45 more
Caused by: org.springframework.beans.factory.NoSuchBeanDefinitionException: No matching bean of type [org.springframework.data.mongodb.core.MongoTemplate] found for dependency: expected at least 1 bean which qualifies as autowire candidate for this dependency. Dependency annotations: {@org.springframework.beans.factory.annotation.Autowired(required=true)}
	at org.springframework.beans.factory.support.DefaultListableBeanFactory.raiseNoSuchBeanDefinitionException(DefaultListableBeanFactory.java:952)
	at org.springframework.beans.factory.support.DefaultListableBeanFactory.doResolveDependency(DefaultListableBeanFactory.java:821)
	at org.springframework.beans.factory.support.DefaultListableBeanFactory.resolveDependency(DefaultListableBeanFactory.java:735)
	at org.springframework.beans.factory.annotation.AutowiredAnnotationBeanPostProcessor$AutowiredFieldElement.inject(AutowiredAnnotationBeanPostProcessor.java:478)
	... 47 more
</error>
    <system-out>[DEBUG 15:52:44.195] - SpringJUnit4ClassRunner constructor called with [class com.ulearning.ulms.appbackend.dao.UserDaoTest].
[DEBUG 15:52:44.242] - Delegating to GenericXmlContextLoader to process context configuration [ContextConfigurationAttributes@709446e4 declaringClass = &apos;com.ulearning.ulms.appbackend.dao.BaseDaoTest&apos;, locations = &apos;{classpath:spring-db.xml, classpath:spring-memcache.xml}&apos;, classes = &apos;{}&apos;, inheritLocations = true, contextLoaderClass = &apos;org.springframework.test.context.ContextLoader&apos;].
[DEBUG 15:52:44.242] - Could not find an &apos;annotation declaring class&apos; for annotation type [interface org.springframework.test.context.ActiveProfiles] and class [class com.ulearning.ulms.appbackend.dao.UserDaoTest]
[DEBUG 15:52:44.257] - Retrieved @ProfileValueSourceConfiguration [null] for test class [com.ulearning.ulms.appbackend.dao.UserDaoTest]
[DEBUG 15:52:44.257] - Retrieved ProfileValueSource type [class org.springframework.test.annotation.SystemProfileValueSource] for class [com.ulearning.ulms.appbackend.dao.UserDaoTest]
[DEBUG 15:52:44.257] - Retrieved @ProfileValueSourceConfiguration [null] for test class [com.ulearning.ulms.appbackend.dao.UserDaoTest]
[DEBUG 15:52:44.257] - Retrieved ProfileValueSource type [class org.springframework.test.annotation.SystemProfileValueSource] for class [com.ulearning.ulms.appbackend.dao.UserDaoTest]
[DEBUG 15:52:44.257] - Retrieved @ProfileValueSourceConfiguration [null] for test class [com.ulearning.ulms.appbackend.dao.UserDaoTest]
[DEBUG 15:52:44.257] - Retrieved ProfileValueSource type [class org.springframework.test.annotation.SystemProfileValueSource] for class [com.ulearning.ulms.appbackend.dao.UserDaoTest]
[DEBUG 15:52:44.257] - Performing dependency injection for test context [[TestContext@72c743eb testClass = UserDaoTest, testInstance = com.ulearning.ulms.appbackend.dao.UserDaoTest@783c342b, testMethod = [null], testException = [null], mergedContextConfiguration = [MergedContextConfiguration@388530b8 testClass = UserDaoTest, locations = &apos;{classpath:spring-db.xml, classpath:spring-memcache.xml}&apos;, classes = &apos;{}&apos;, activeProfiles = &apos;{}&apos;, contextLoader = &apos;org.springframework.test.context.support.DelegatingSmartContextLoader&apos;]]].
[DEBUG 15:52:44.257] - Delegating to GenericXmlContextLoader to load context from [MergedContextConfiguration@388530b8 testClass = UserDaoTest, locations = &apos;{classpath:spring-db.xml, classpath:spring-memcache.xml}&apos;, classes = &apos;{}&apos;, activeProfiles = &apos;{}&apos;, contextLoader = &apos;org.springframework.test.context.support.DelegatingSmartContextLoader&apos;].
[DEBUG 15:52:44.257] - Loading ApplicationContext for merged context configuration [[MergedContextConfiguration@388530b8 testClass = UserDaoTest, locations = &apos;{classpath:spring-db.xml, classpath:spring-memcache.xml}&apos;, classes = &apos;{}&apos;, activeProfiles = &apos;{}&apos;, contextLoader = &apos;org.springframework.test.context.support.DelegatingSmartContextLoader&apos;]].
[DEBUG 15:52:44.320] - Initializing new StandardEnvironment
[DEBUG 15:52:44.320] - Adding [systemProperties] PropertySource with lowest search precedence
[DEBUG 15:52:44.320] - Adding [systemEnvironment] PropertySource with lowest search precedence
[DEBUG 15:52:44.320] - Initialized StandardEnvironment with PropertySources [systemProperties,systemEnvironment]
[DEBUG 15:52:44.367] - Initializing new StandardEnvironment
[DEBUG 15:52:44.367] - Adding [systemProperties] PropertySource with lowest search precedence
[DEBUG 15:52:44.367] - Adding [systemEnvironment] PropertySource with lowest search precedence
[DEBUG 15:52:44.367] - Initialized StandardEnvironment with PropertySources [systemProperties,systemEnvironment]
[INFO  15:52:44.429] - Loading XML bean definitions from class path resource [spring-db.xml]
[DEBUG 15:52:44.429] - Using JAXP provider [com.sun.org.apache.xerces.internal.jaxp.DocumentBuilderFactoryImpl]
[DEBUG 15:52:44.460] - Loading schema mappings from [META-INF/spring.schemas]
[DEBUG 15:52:44.476] - Loaded schema mappings: {http://www.springframework.org/schema/util/spring-util.xsd=org/springframework/beans/factory/xml/spring-util-3.1.xsd, http://www.springframework.org/schema/data/mongo/spring-mongo.xsd=org/springframework/data/mongodb/config/spring-mongo-1.0.xsd, http://www.springframework.org/schema/mvc/spring-mvc-3.1.xsd=org/springframework/web/servlet/config/spring-mvc-3.1.xsd, http://www.springframework.org/schema/beans/spring-beans-3.1.xsd=org/springframework/beans/factory/xml/spring-beans-3.1.xsd, http://www.springframework.org/schema/task/spring-task.xsd=org/springframework/scheduling/config/spring-task-3.1.xsd, http://www.springframework.org/schema/cache/spring-cache.xsd=org/springframework/cache/config/spring-cache-3.1.xsd, http://www.springframework.org/schema/aop/spring-aop-3.0.xsd=org/springframework/aop/config/spring-aop-3.0.xsd, http://www.springframework.org/schema/task/spring-task-3.1.xsd=org/springframework/scheduling/config/spring-task-3.1.xsd, http://www.springframework.org/schema/aop/spring-aop-2.0.xsd=org/springframework/aop/config/spring-aop-2.0.xsd, http://www.springframework.org/schema/tool/spring-tool-2.5.xsd=org/springframework/beans/factory/xml/spring-tool-2.5.xsd, http://www.springframework.org/schema/beans/spring-beans.xsd=org/springframework/beans/factory/xml/spring-beans-3.1.xsd, http://www.springframework.org/schema/jee/spring-jee-2.5.xsd=org/springframework/ejb/config/spring-jee-2.5.xsd, http://www.springframework.org/schema/jdbc/spring-jdbc-3.1.xsd=org/springframework/jdbc/config/spring-jdbc-3.1.xsd, http://www.springframework.org/schema/tool/spring-tool-3.1.xsd=org/springframework/beans/factory/xml/spring-tool-3.1.xsd, http://www.springframework.org/schema/jee/spring-jee-3.1.xsd=org/springframework/ejb/config/spring-jee-3.1.xsd, http://www.springframework.org/schema/aop/spring-aop.xsd=org/springframework/aop/config/spring-aop-3.1.xsd, http://www.springframework.org/schema/beans/spring-beans-2.0.xsd=org/springframework/beans/factory/xml/spring-beans-2.0.xsd, http://www.springframework.org/schema/mvc/spring-mvc-3.0.xsd=org/springframework/web/servlet/config/spring-mvc-3.0.xsd, http://www.springframework.org/schema/beans/spring-beans-3.0.xsd=org/springframework/beans/factory/xml/spring-beans-3.0.xsd, http://www.springframework.org/schema/task/spring-task-3.0.xsd=org/springframework/scheduling/config/spring-task-3.0.xsd, http://www.springframework.org/schema/tx/spring-tx-2.5.xsd=org/springframework/transaction/config/spring-tx-2.5.xsd, http://www.springframework.org/schema/context/spring-context-2.5.xsd=org/springframework/context/config/spring-context-2.5.xsd, http://www.springframework.org/schema/jdbc/spring-jdbc-3.0.xsd=org/springframework/jdbc/config/spring-jdbc-3.0.xsd, http://www.springframework.org/schema/tool/spring-tool-3.0.xsd=org/springframework/beans/factory/xml/spring-tool-3.0.xsd, http://www.springframework.org/schema/util/spring-util-2.5.xsd=org/springframework/beans/factory/xml/spring-util-2.5.xsd, http://www.springframework.org/schema/tool/spring-tool-2.0.xsd=org/springframework/beans/factory/xml/spring-tool-2.0.xsd, http://www.springframework.org/schema/tx/spring-tx.xsd=org/springframework/transaction/config/spring-tx-3.1.xsd, http://www.springframework.org/schema/lang/spring-lang.xsd=org/springframework/scripting/config/spring-lang-3.1.xsd, http://www.springframework.org/schema/lang/spring-lang-2.5.xsd=org/springframework/scripting/config/spring-lang-2.5.xsd, http://www.springframework.org/schema/jee/spring-jee-3.0.xsd=org/springframework/ejb/config/spring-jee-3.0.xsd, http://www.springframework.org/schema/jee/spring-jee-2.0.xsd=org/springframework/ejb/config/spring-jee-2.0.xsd, http://www.springframework.org/schema/tx/spring-tx-3.1.xsd=org/springframework/transaction/config/spring-tx-3.1.xsd, http://www.springframework.org/schema/context/spring-context-3.1.xsd=org/springframework/context/config/spring-context-3.1.xsd, http://www.springframework.org/schema/util/spring-util-3.1.xsd=org/springframework/beans/factory/xml/spring-util-3.1.xsd, http://www.springframework.org/schema/lang/spring-lang-3.1.xsd=org/springframework/scripting/config/spring-lang-3.1.xsd, http://www.springframework.org/schema/cache/spring-cache-3.1.xsd=org/springframework/cache/config/spring-cache-3.1.xsd, http://www.springframework.org/schema/context/spring-context.xsd=org/springframework/context/config/spring-context-3.1.xsd, http://www.springframework.org/schema/jee/spring-jee.xsd=org/springframework/ejb/config/spring-jee-3.1.xsd, http://www.springframework.org/schema/aop/spring-aop-2.5.xsd=org/springframework/aop/config/spring-aop-2.5.xsd, http://www.springframework.org/schema/data/repository/spring-repository.xsd=org/springframework/data/repository/config/spring-repository-1.0.xsd, http://www.springframework.org/schema/mvc/spring-mvc.xsd=org/springframework/web/servlet/config/spring-mvc-3.1.xsd, http://www.springframework.org/schema/jdbc/spring-jdbc.xsd=org/springframework/jdbc/config/spring-jdbc-3.1.xsd, http://www.springframework.org/schema/data/mongo/spring-mongo-1.0.xsd=org/springframework/data/mongodb/config/spring-mongo-1.0.xsd, http://www.springframework.org/schema/data/repository/spring-repository-1.0.xsd=org/springframework/data/repository/config/spring-repository-1.0.xsd, http://www.springframework.org/schema/tx/spring-tx-2.0.xsd=org/springframework/transaction/config/spring-tx-2.0.xsd, http://www.springframework.org/schema/aop/spring-aop-3.1.xsd=org/springframework/aop/config/spring-aop-3.1.xsd, http://www.springframework.org/schema/tx/spring-tx-3.0.xsd=org/springframework/transaction/config/spring-tx-3.0.xsd, http://www.springframework.org/schema/context/spring-context-3.0.xsd=org/springframework/context/config/spring-context-3.0.xsd, http://www.springframework.org/schema/tool/spring-tool.xsd=org/springframework/beans/factory/xml/spring-tool-3.1.xsd, http://www.springframework.org/schema/util/spring-util-3.0.xsd=org/springframework/beans/factory/xml/spring-util-3.0.xsd, http://www.springframework.org/schema/util/spring-util-2.0.xsd=org/springframework/beans/factory/xml/spring-util-2.0.xsd, http://www.springframework.org/schema/lang/spring-lang-3.0.xsd=org/springframework/scripting/config/spring-lang-3.0.xsd, http://www.springframework.org/schema/lang/spring-lang-2.0.xsd=org/springframework/scripting/config/spring-lang-2.0.xsd, http://www.springframework.org/schema/beans/spring-beans-2.5.xsd=org/springframework/beans/factory/xml/spring-beans-2.5.xsd}
[DEBUG 15:52:44.476] - Found XML schema [http://www.springframework.org/schema/beans/spring-beans.xsd] in classpath: org/springframework/beans/factory/xml/spring-beans-3.1.xsd
[DEBUG 15:52:44.569] - Found XML schema [http://www.springframework.org/schema/context/spring-context-3.1.xsd] in classpath: org/springframework/context/config/spring-context-3.1.xsd
[DEBUG 15:52:44.585] - Found XML schema [http://www.springframework.org/schema/tool/spring-tool-3.1.xsd] in classpath: org/springframework/beans/factory/xml/spring-tool-3.1.xsd
[DEBUG 15:52:44.601] - Found XML schema [http://www.springframework.org/schema/tx/spring-tx-3.1.xsd] in classpath: org/springframework/transaction/config/spring-tx-3.1.xsd
[DEBUG 15:52:44.601] - Found XML schema [http://www.springframework.org/schema/aop/spring-aop-3.1.xsd] in classpath: org/springframework/aop/config/spring-aop-3.1.xsd
[DEBUG 15:52:44.647] - Loading bean definitions
[DEBUG 15:52:44.663] - Loaded NamespaceHandler mappings: {http://www.springframework.org/schema/p=org.springframework.beans.factory.xml.SimplePropertyNamespaceHandler, http://www.springframework.org/schema/mvc=org.springframework.web.servlet.config.MvcNamespaceHandler, http://www.springframework.org/schema/util=org.springframework.beans.factory.xml.UtilNamespaceHandler, http://www.springframework.org/schema/data/mongo=org.springframework.data.mongodb.config.MongoNamespaceHandler, http://www.springframework.org/schema/jee=org.springframework.ejb.config.JeeNamespaceHandler, http://www.springframework.org/schema/aop=org.springframework.aop.config.AopNamespaceHandler, http://www.springframework.org/schema/jdbc=org.springframework.jdbc.config.JdbcNamespaceHandler, http://www.springframework.org/schema/cache=org.springframework.cache.config.CacheNamespaceHandler, http://www.springframework.org/schema/c=org.springframework.beans.factory.xml.SimpleConstructorNamespaceHandler, http://www.springframework.org/schema/tx=org.springframework.transaction.config.TxNamespaceHandler, http://www.springframework.org/schema/task=org.springframework.scheduling.config.TaskNamespaceHandler, http://www.springframework.org/schema/lang=org.springframework.scripting.config.LangNamespaceHandler, http://www.springframework.org/schema/context=org.springframework.context.config.ContextNamespaceHandler}
[DEBUG 15:52:44.679] - Looking for matching resources in directory tree [D:\projects\appbackend\target\test-classes\com\ulearning\ulms\appbackend]
[DEBUG 15:52:44.679] - Searching directory [D:\projects\appbackend\target\test-classes\com\ulearning\ulms\appbackend] for files matching pattern [D:/projects/appbackend/target/test-classes/com/ulearning/ulms/appbackend/**/*.class]
[DEBUG 15:52:44.694] - Searching directory [D:\projects\appbackend\target\test-classes\com\ulearning\ulms\appbackend\dao] for files matching pattern [D:/projects/appbackend/target/test-classes/com/ulearning/ulms/appbackend/**/*.class]
[DEBUG 15:52:44.694] - Searching directory [D:\projects\appbackend\target\test-classes\com\ulearning\ulms\appbackend\repository] for files matching pattern [D:/projects/appbackend/target/test-classes/com/ulearning/ulms/appbackend/**/*.class]
[DEBUG 15:52:44.694] - Searching directory [D:\projects\appbackend\target\test-classes\com\ulearning\ulms\appbackend\service] for files matching pattern [D:/projects/appbackend/target/test-classes/com/ulearning/ulms/appbackend/**/*.class]
[DEBUG 15:52:44.694] - Looking for matching resources in directory tree [D:\projects\appbackend\target\classes\com\ulearning\ulms\appbackend]
[DEBUG 15:52:44.694] - Searching directory [D:\projects\appbackend\target\classes\com\ulearning\ulms\appbackend] for files matching pattern [D:/projects/appbackend/target/classes/com/ulearning/ulms/appbackend/**/*.class]
[DEBUG 15:52:44.694] - Searching directory [D:\projects\appbackend\target\classes\com\ulearning\ulms\appbackend\alipay] for files matching pattern [D:/projects/appbackend/target/classes/com/ulearning/ulms/appbackend/**/*.class]
[DEBUG 15:52:44.694] - Searching directory [D:\projects\appbackend\target\classes\com\ulearning\ulms\appbackend\controller] for files matching pattern [D:/projects/appbackend/target/classes/com/ulearning/ulms/appbackend/**/*.class]
[DEBUG 15:52:44.710] - Searching directory [D:\projects\appbackend\target\classes\com\ulearning\ulms\appbackend\dao] for files matching pattern [D:/projects/appbackend/target/classes/com/ulearning/ulms/appbackend/**/*.class]
[DEBUG 15:52:44.710] - Searching directory [D:\projects\appbackend\target\classes\com\ulearning\ulms\appbackend\dao\impl] for files matching pattern [D:/projects/appbackend/target/classes/com/ulearning/ulms/appbackend/**/*.class]
[DEBUG 15:52:44.710] - Searching directory [D:\projects\appbackend\target\classes\com\ulearning\ulms\appbackend\exception] for files matching pattern [D:/projects/appbackend/target/classes/com/ulearning/ulms/appbackend/**/*.class]
[DEBUG 15:52:44.725] - Searching directory [D:\projects\appbackend\target\classes\com\ulearning\ulms\appbackend\model] for files matching pattern [D:/projects/appbackend/target/classes/com/ulearning/ulms/appbackend/**/*.class]
[DEBUG 15:52:44.725] - Searching directory [D:\projects\appbackend\target\classes\com\ulearning\ulms\appbackend\oauth] for files matching pattern [D:/projects/appbackend/target/classes/com/ulearning/ulms/appbackend/**/*.class]
[DEBUG 15:52:44.725] - Searching directory [D:\projects\appbackend\target\classes\com\ulearning\ulms\appbackend\repository] for files matching pattern [D:/projects/appbackend/target/classes/com/ulearning/ulms/appbackend/**/*.class]
[DEBUG 15:52:44.725] - Searching directory [D:\projects\appbackend\target\classes\com\ulearning\ulms\appbackend\repository\impl] for files matching pattern [D:/projects/appbackend/target/classes/com/ulearning/ulms/appbackend/**/*.class]
[DEBUG 15:52:44.725] - Searching directory [D:\projects\appbackend\target\classes\com\ulearning\ulms\appbackend\service] for files matching pattern [D:/projects/appbackend/target/classes/com/ulearning/ulms/appbackend/**/*.class]
[DEBUG 15:52:44.741] - Searching directory [D:\projects\appbackend\target\classes\com\ulearning\ulms\appbackend\util] for files matching pattern [D:/projects/appbackend/target/classes/com/ulearning/ulms/appbackend/**/*.class]
[DEBUG 15:52:44.741] - Searching directory [D:\projects\appbackend\target\classes\com\ulearning\ulms\appbackend\util\core] for files matching pattern [D:/projects/appbackend/target/classes/com/ulearning/ulms/appbackend/**/*.class]
[DEBUG 15:52:44.741] - Searching directory [D:\projects\appbackend\target\classes\com\ulearning\ulms\appbackend\util\log] for files matching pattern [D:/projects/appbackend/target/classes/com/ulearning/ulms/appbackend/**/*.class]
[DEBUG 15:52:44.741] - Searching directory [D:\projects\appbackend\target\classes\com\ulearning\ulms\appbackend\util\support] for files matching pattern [D:/projects/appbackend/target/classes/com/ulearning/ulms/appbackend/**/*.class]
[DEBUG 15:52:44.741] - Resolved location pattern [classpath*:com/ulearning/ulms/appbackend/**/*.class] to resources [file [D:\projects\appbackend\target\test-classes\com\ulearning\ulms\appbackend\dao\BaseDaoTest.class], file [D:\projects\appbackend\target\test-classes\com\ulearning\ulms\appbackend\dao\UserDaoTest.class], file [D:\projects\appbackend\target\test-classes\com\ulearning\ulms\appbackend\repository\BaseRepositoryTest.class], file [D:\projects\appbackend\target\test-classes\com\ulearning\ulms\appbackend\repository\FeedRepositoryTest.class], file [D:\projects\appbackend\target\test-classes\com\ulearning\ulms\appbackend\repository\UpdateRecordRepositoryTest.class], file [D:\projects\appbackend\target\test-classes\com\ulearning\ulms\appbackend\service\ApnsManagerTest.class], file [D:\projects\appbackend\target\test-classes\com\ulearning\ulms\appbackend\service\BaseManagerTest.class], file [D:\projects\appbackend\target\test-classes\com\ulearning\ulms\appbackend\service\FeedManagerTest.class], file [D:\projects\appbackend\target\classes\com\ulearning\ulms\appbackend\alipay\Base64.class], file [D:\projects\appbackend\target\classes\com\ulearning\ulms\appbackend\alipay\DirectTradeCreateRes.class], file [D:\projects\appbackend\target\classes\com\ulearning\ulms\appbackend\alipay\ErrorCode.class], file [D:\projects\appbackend\target\classes\com\ulearning\ulms\appbackend\alipay\ParameterUtil.class], file [D:\projects\appbackend\target\classes\com\ulearning\ulms\appbackend\alipay\PartnerConfig.class], file [D:\projects\appbackend\target\classes\com\ulearning\ulms\appbackend\alipay\ResponseResult.class], file [D:\projects\appbackend\target\classes\com\ulearning\ulms\appbackend\alipay\RSASignature.class], file [D:\projects\appbackend\target\classes\com\ulearning\ulms\appbackend\alipay\Trade.class], file [D:\projects\appbackend\target\classes\com\ulearning\ulms\appbackend\alipay\XMapUtil.class], file [D:\projects\appbackend\target\classes\com\ulearning\ulms\appbackend\controller\ApnsController.class], file [D:\projects\appbackend\target\classes\com\ulearning\ulms\appbackend\controller\BookMarkController.class], file [D:\projects\appbackend\target\classes\com\ulearning\ulms\appbackend\controller\CatalogController.class], file [D:\projects\appbackend\target\classes\com\ulearning\ulms\appbackend\controller\CommentController.class], file [D:\projects\appbackend\target\classes\com\ulearning\ulms\appbackend\controller\CourseController.class], file [D:\projects\appbackend\target\classes\com\ulearning\ulms\appbackend\controller\FeedController.class], file [D:\projects\appbackend\target\classes\com\ulearning\ulms\appbackend\controller\NoteController.class], file [D:\projects\appbackend\target\classes\com\ulearning\ulms\appbackend\controller\OrderController.class], file [D:\projects\appbackend\target\classes\com\ulearning\ulms\appbackend\controller\SCOController.class], file [D:\projects\appbackend\target\classes\com\ulearning\ulms\appbackend\controller\UserController.class], file [D:\projects\appbackend\target\classes\com\ulearning\ulms\appbackend\dao\ApnsDao.class], file [D:\projects\appbackend\target\classes\com\ulearning\ulms\appbackend\dao\BookMarkDao.class], file [D:\projects\appbackend\target\classes\com\ulearning\ulms\appbackend\dao\CatalogDao.class], file [D:\projects\appbackend\target\classes\com\ulearning\ulms\appbackend\dao\CommentDao.class], file [D:\projects\appbackend\target\classes\com\ulearning\ulms\appbackend\dao\CourseDao.class], file [D:\projects\appbackend\target\classes\com\ulearning\ulms\appbackend\dao\IDao.class], file [D:\projects\appbackend\target\classes\com\ulearning\ulms\appbackend\dao\impl\ApnsDaoImpl.class], file [D:\projects\appbackend\target\classes\com\ulearning\ulms\appbackend\dao\impl\BookMarkDaoImpl.class], file [D:\projects\appbackend\target\classes\com\ulearning\ulms\appbackend\dao\impl\CatalogDaoImpl.class], file [D:\projects\appbackend\target\classes\com\ulearning\ulms\appbackend\dao\impl\CommentDaoImpl.class], file [D:\projects\appbackend\target\classes\com\ulearning\ulms\appbackend\dao\impl\CourseDaoImpl.class], file [D:\projects\appbackend\target\classes\com\ulearning\ulms\appbackend\dao\impl\DaoImpl.class], file [D:\projects\appbackend\target\classes\com\ulearning\ulms\appbackend\dao\impl\NoteDaoImpl.class], file [D:\projects\appbackend\target\classes\com\ulearning\ulms\appbackend\dao\impl\OrderDaoImpl.class], file [D:\projects\appbackend\target\classes\com\ulearning\ulms\appbackend\dao\impl\SCODaoImpl.class], file [D:\projects\appbackend\target\classes\com\ulearning\ulms\appbackend\dao\impl\UserCourseDaoImpl.class], file [D:\projects\appbackend\target\classes\com\ulearning\ulms\appbackend\dao\impl\UserDaoImpl.class], file [D:\projects\appbackend\target\classes\com\ulearning\ulms\appbackend\dao\NoteDao.class], file [D:\projects\appbackend\target\classes\com\ulearning\ulms\appbackend\dao\OrderDao.class], file [D:\projects\appbackend\target\classes\com\ulearning\ulms\appbackend\dao\SCODao.class], file [D:\projects\appbackend\target\classes\com\ulearning\ulms\appbackend\dao\UserCourseDao.class], file [D:\projects\appbackend\target\classes\com\ulearning\ulms\appbackend\dao\UserDao.class], file [D:\projects\appbackend\target\classes\com\ulearning\ulms\appbackend\exception\AlipayTradeException.class], file [D:\projects\appbackend\target\classes\com\ulearning\ulms\appbackend\exception\HibernateTransactionException.class], file [D:\projects\appbackend\target\classes\com\ulearning\ulms\appbackend\exception\MemcachedException.class], file [D:\projects\appbackend\target\classes\com\ulearning\ulms\appbackend\exception\ULMSException.class], file [D:\projects\appbackend\target\classes\com\ulearning\ulms\appbackend\model\Apns.class], file [D:\projects\appbackend\target\classes\com\ulearning\ulms\appbackend\model\BaseModel.class], file [D:\projects\appbackend\target\classes\com\ulearning\ulms\appbackend\model\BookMark.class], file [D:\projects\appbackend\target\classes\com\ulearning\ulms\appbackend\model\Catalog.class], file [D:\projects\appbackend\target\classes\com\ulearning\ulms\appbackend\model\Comment.class], file [D:\projects\appbackend\target\classes\com\ulearning\ulms\appbackend\model\Course.class], file [D:\projects\appbackend\target\classes\com\ulearning\ulms\appbackend\model\Feedback.class], file [D:\projects\appbackend\target\classes\com\ulearning\ulms\appbackend\model\Note.class], file [D:\projects\appbackend\target\classes\com\ulearning\ulms\appbackend\model\Order.class], file [D:\projects\appbackend\target\classes\com\ulearning\ulms\appbackend\model\OrderDetail.class], file [D:\projects\appbackend\target\classes\com\ulearning\ulms\appbackend\model\PaymentResult.class], file [D:\projects\appbackend\target\classes\com\ulearning\ulms\appbackend\model\Platform.class], file [D:\projects\appbackend\target\classes\com\ulearning\ulms\appbackend\model\PushType.class], file [D:\projects\appbackend\target\classes\com\ulearning\ulms\appbackend\model\SDMRelation.class], file [D:\projects\appbackend\target\classes\com\ulearning\ulms\appbackend\model\UpdateRecord.class], file [D:\projects\appbackend\target\classes\com\ulearning\ulms\appbackend\model\User.class], file [D:\projects\appbackend\target\classes\com\ulearning\ulms\appbackend\model\UserCourse.class], file [D:\projects\appbackend\target\classes\com\ulearning\ulms\appbackend\model\UserCoursePK.class], file [D:\projects\appbackend\target\classes\com\ulearning\ulms\appbackend\oauth\OAuthTokenFilter.class], file [D:\projects\appbackend\target\classes\com\ulearning\ulms\appbackend\oauth\TokenGenerator.class], file [D:\projects\appbackend\target\classes\com\ulearning\ulms\appbackend\oauth\TokenStorage.class], file [D:\projects\appbackend\target\classes\com\ulearning\ulms\appbackend\oauth\TokenValidator.class], file [D:\projects\appbackend\target\classes\com\ulearning\ulms\appbackend\repository\FeedRepository.class], file [D:\projects\appbackend\target\classes\com\ulearning\ulms\appbackend\repository\impl\FeedRepositoryImpl.class], file [D:\projects\appbackend\target\classes\com\ulearning\ulms\appbackend\repository\impl\MongoRepositoryImpl.class], file [D:\projects\appbackend\target\classes\com\ulearning\ulms\appbackend\repository\impl\UpdateRecordRepositoryImpl.class], file [D:\projects\appbackend\target\classes\com\ulearning\ulms\appbackend\repository\MongoRepository.class], file [D:\projects\appbackend\target\classes\com\ulearning\ulms\appbackend\repository\UpdateRecordRepository.class], file [D:\projects\appbackend\target\classes\com\ulearning\ulms\appbackend\service\ApnsManager$1.class], file [D:\projects\appbackend\target\classes\com\ulearning\ulms\appbackend\service\ApnsManager$2.class], file [D:\projects\appbackend\target\classes\com\ulearning\ulms\appbackend\service\ApnsManager.class], file [D:\projects\appbackend\target\classes\com\ulearning\ulms\appbackend\service\BookMarkManager$1.class], file [D:\projects\appbackend\target\classes\com\ulearning\ulms\appbackend\service\BookMarkManager$2.class], file [D:\projects\appbackend\target\classes\com\ulearning\ulms\appbackend\service\BookMarkManager.class], file [D:\projects\appbackend\target\classes\com\ulearning\ulms\appbackend\service\CatalogManager.class], file [D:\projects\appbackend\target\classes\com\ulearning\ulms\appbackend\service\CommentManager$1.class], file [D:\projects\appbackend\target\classes\com\ulearning\ulms\appbackend\service\CommentManager.class], file [D:\projects\appbackend\target\classes\com\ulearning\ulms\appbackend\service\CourseManager.class], file [D:\projects\appbackend\target\classes\com\ulearning\ulms\appbackend\service\FeedManager.class], file [D:\projects\appbackend\target\classes\com\ulearning\ulms\appbackend\service\NoteManager$1.class], file [D:\projects\appbackend\target\classes\com\ulearning\ulms\appbackend\service\NoteManager.class], file [D:\projects\appbackend\target\classes\com\ulearning\ulms\appbackend\service\OrderManager.class], file [D:\projects\appbackend\target\classes\com\ulearning\ulms\appbackend\service\SCOManager$1.class], file [D:\projects\appbackend\target\classes\com\ulearning\ulms\appbackend\service\SCOManager.class], file [D:\projects\appbackend\target\classes\com\ulearning\ulms\appbackend\service\UserManager.class], file [D:\projects\appbackend\target\classes\com\ulearning\ulms\appbackend\util\core\Const$payStatus.class], file [D:\projects\appbackend\target\classes\com\ulearning\ulms\appbackend\util\core\Const.class], file [D:\projects\appbackend\target\classes\com\ulearning\ulms\appbackend\util\core\DateTimeUtils.class], file [D:\projects\appbackend\target\classes\com\ulearning\ulms\appbackend\util\core\EncodeDispatcherServlet.class], file [D:\projects\appbackend\target\classes\com\ulearning\ulms\appbackend\util\core\JSONUtils.class], file [D:\projects\appbackend\target\classes\com\ulearning\ulms\appbackend\util\core\ObjectUtils.class], file [D:\projects\appbackend\target\classes\com\ulearning\ulms\appbackend\util\core\WebContextPathListener.class], file [D:\projects\appbackend\target\classes\com\ulearning\ulms\appbackend\util\log\LogUtils$1.class], file [D:\projects\appbackend\target\classes\com\ulearning\ulms\appbackend\util\log\LogUtils$Level.class], file [D:\projects\appbackend\target\classes\com\ulearning\ulms\appbackend\util\log\LogUtils.class], file [D:\projects\appbackend\target\classes\com\ulearning\ulms\appbackend\util\support\MemcachedTemplate.class]]
[DEBUG 15:52:44.788] - Identified candidate component class: file [D:\projects\appbackend\target\classes\com\ulearning\ulms\appbackend\alipay\Trade.class]
[DEBUG 15:52:44.835] - Identified candidate component class: file [D:\projects\appbackend\target\classes\com\ulearning\ulms\appbackend\dao\impl\ApnsDaoImpl.class]
[DEBUG 15:52:44.835] - Identified candidate component class: file [D:\projects\appbackend\target\classes\com\ulearning\ulms\appbackend\dao\impl\BookMarkDaoImpl.class]
[DEBUG 15:52:44.835] - Identified candidate component class: file [D:\projects\appbackend\target\classes\com\ulearning\ulms\appbackend\dao\impl\CatalogDaoImpl.class]
[DEBUG 15:52:44.835] - Identified candidate component class: file [D:\projects\appbackend\target\classes\com\ulearning\ulms\appbackend\dao\impl\CommentDaoImpl.class]
[DEBUG 15:52:44.835] - Identified candidate component class: file [D:\projects\appbackend\target\classes\com\ulearning\ulms\appbackend\dao\impl\CourseDaoImpl.class]
[DEBUG 15:52:44.835] - Identified candidate component class: file [D:\projects\appbackend\target\classes\com\ulearning\ulms\appbackend\dao\impl\NoteDaoImpl.class]
[DEBUG 15:52:44.850] - Identified candidate component class: file [D:\projects\appbackend\target\classes\com\ulearning\ulms\appbackend\dao\impl\OrderDaoImpl.class]
[DEBUG 15:52:44.850] - Identified candidate component class: file [D:\projects\appbackend\target\classes\com\ulearning\ulms\appbackend\dao\impl\SCODaoImpl.class]
[DEBUG 15:52:44.850] - Identified candidate component class: file [D:\projects\appbackend\target\classes\com\ulearning\ulms\appbackend\dao\impl\UserCourseDaoImpl.class]
[DEBUG 15:52:44.850] - Identified candidate component class: file [D:\projects\appbackend\target\classes\com\ulearning\ulms\appbackend\dao\impl\UserDaoImpl.class]
[DEBUG 15:52:44.881] - Identified candidate component class: file [D:\projects\appbackend\target\classes\com\ulearning\ulms\appbackend\oauth\OAuthTokenFilter.class]
[DEBUG 15:52:44.881] - Identified candidate component class: file [D:\projects\appbackend\target\classes\com\ulearning\ulms\appbackend\oauth\TokenGenerator.class]
[DEBUG 15:52:44.881] - Identified candidate component class: file [D:\projects\appbackend\target\classes\com\ulearning\ulms\appbackend\oauth\TokenStorage.class]
[DEBUG 15:52:44.881] - Identified candidate component class: file [D:\projects\appbackend\target\classes\com\ulearning\ulms\appbackend\oauth\TokenValidator.class]
[DEBUG 15:52:44.881] - Identified candidate component class: file [D:\projects\appbackend\target\classes\com\ulearning\ulms\appbackend\repository\impl\FeedRepositoryImpl.class]
[DEBUG 15:52:44.881] - Identified candidate component class: file [D:\projects\appbackend\target\classes\com\ulearning\ulms\appbackend\repository\impl\UpdateRecordRepositoryImpl.class]
[DEBUG 15:52:44.881] - Identified candidate component class: file [D:\projects\appbackend\target\classes\com\ulearning\ulms\appbackend\service\ApnsManager.class]
[DEBUG 15:52:44.881] - Identified candidate component class: file [D:\projects\appbackend\target\classes\com\ulearning\ulms\appbackend\service\BookMarkManager.class]
[DEBUG 15:52:44.881] - Identified candidate component class: file [D:\projects\appbackend\target\classes\com\ulearning\ulms\appbackend\service\CatalogManager.class]
[DEBUG 15:52:44.881] - Identified candidate component class: file [D:\projects\appbackend\target\classes\com\ulearning\ulms\appbackend\service\CommentManager.class]
[DEBUG 15:52:44.881] - Identified candidate component class: file [D:\projects\appbackend\target\classes\com\ulearning\ulms\appbackend\service\CourseManager.class]
[DEBUG 15:52:44.881] - Identified candidate component class: file [D:\projects\appbackend\target\classes\com\ulearning\ulms\appbackend\service\FeedManager.class]
[DEBUG 15:52:44.881] - Identified candidate component class: file [D:\projects\appbackend\target\classes\com\ulearning\ulms\appbackend\service\NoteManager.class]
[DEBUG 15:52:44.897] - Identified candidate component class: file [D:\projects\appbackend\target\classes\com\ulearning\ulms\appbackend\service\OrderManager.class]
[DEBUG 15:52:44.897] - Identified candidate component class: file [D:\projects\appbackend\target\classes\com\ulearning\ulms\appbackend\service\SCOManager.class]
[DEBUG 15:52:44.897] - Identified candidate component class: file [D:\projects\appbackend\target\classes\com\ulearning\ulms\appbackend\service\UserManager.class]
[DEBUG 15:52:44.975] - Loaded 41 bean definitions from location pattern [classpath:spring-db.xml]
[INFO  15:52:44.975] - Loading XML bean definitions from class path resource [spring-memcache.xml]
[DEBUG 15:52:44.975] - Using JAXP provider [com.sun.org.apache.xerces.internal.jaxp.DocumentBuilderFactoryImpl]
[DEBUG 15:52:44.975] - Found XML schema [http://www.springframework.org/schema/beans/spring-beans-3.1.xsd] in classpath: org/springframework/beans/factory/xml/spring-beans-3.1.xsd
[DEBUG 15:52:44.991] - Loading bean definitions
[DEBUG 15:52:44.991] - No XML &apos;id&apos; specified - using &apos;memcachedClientBuilder&apos; as bean name and [] as aliases
[DEBUG 15:52:44.991] - Neither XML &apos;id&apos; nor &apos;name&apos; specified - using generated bean name [java.net.InetSocketAddress#3b49a794]
[DEBUG 15:52:44.991] - No XML &apos;id&apos; specified - using &apos;memcachedClient&apos; as bean name and [] as aliases
[DEBUG 15:52:44.991] - No XML &apos;id&apos; specified - using &apos;memcachedTemplate&apos; as bean name and [] as aliases
[DEBUG 15:52:44.991] - Loaded 3 bean definitions from location pattern [classpath:spring-memcache.xml]
[INFO  15:52:44.991] - Refreshing org.springframework.context.support.GenericApplicationContext@7c138c63: startup date [Wed Nov 07 15:52:44 CST 2012]; root of context hierarchy
[DEBUG 15:52:44.991] - Bean factory for org.springframework.context.support.GenericApplicationContext@7c138c63: org.springframework.beans.factory.support.DefaultListableBeanFactory@609903f4: defining beans [trade,apnsDaoImpl,bookMarkDaoImpl,catalogDaoImpl,commentDaoImpl,courseDaoImpl,noteDaoImpl,orderDaoImpl,SCODaoImpl,userCourseDaoImpl,userDaoImpl,OAuthTokenFilter,tokenGenerator,tokenStorage,tokenValidator,feedRepositoryImpl,updateRecordRepositoryImpl,apnsManager,bookMarkManager,catalogManager,commentManager,courseManager,feedManager,noteManager,orderManager,SCOManager,userManager,org.springframework.context.annotation.internalConfigurationAnnotationProcessor,org.springframework.context.annotation.internalAutowiredAnnotationProcessor,org.springframework.context.annotation.internalRequiredAnnotationProcessor,org.springframework.context.annotation.internalCommonAnnotationProcessor,org.springframework.context.annotation.internalPersistenceAnnotationProcessor,org.springframework.context.support.PropertySourcesPlaceholderConfigurer#0,dataSource,sessionFactory,transactionManager,txAdvice,org.springframework.aop.config.internalAutoProxyCreator,Methods,org.springframework.aop.support.DefaultBeanFactoryPointcutAdvisor#0,jdbcTemplate,memcachedClientBuilder,memcachedClient,memcachedTemplate]; root of factory hierarchy
[DEBUG 15:52:45.069] - Creating shared instance of singleton bean &apos;org.springframework.context.annotation.internalConfigurationAnnotationProcessor&apos;
[DEBUG 15:52:45.069] - Creating instance of bean &apos;org.springframework.context.annotation.internalConfigurationAnnotationProcessor&apos;
[DEBUG 15:52:45.100] - Eagerly caching bean &apos;org.springframework.context.annotation.internalConfigurationAnnotationProcessor&apos; to allow for resolving potential circular references
[DEBUG 15:52:45.100] - Finished creating instance of bean &apos;org.springframework.context.annotation.internalConfigurationAnnotationProcessor&apos;
[DEBUG 15:52:45.287] - Creating shared instance of singleton bean &apos;org.springframework.context.support.PropertySourcesPlaceholderConfigurer#0&apos;
[DEBUG 15:52:45.287] - Creating instance of bean &apos;org.springframework.context.support.PropertySourcesPlaceholderConfigurer#0&apos;
[DEBUG 15:52:45.287] - Eagerly caching bean &apos;org.springframework.context.support.PropertySourcesPlaceholderConfigurer#0&apos; to allow for resolving potential circular references
[DEBUG 15:52:45.318] - Finished creating instance of bean &apos;org.springframework.context.support.PropertySourcesPlaceholderConfigurer#0&apos;
[DEBUG 15:52:45.318] - Adding [environmentProperties] PropertySource with lowest search precedence
[INFO  15:52:45.318] - Loading properties file from class path resource [database.properties]
[DEBUG 15:52:45.318] - Adding [localProperties] PropertySource with lowest search precedence
[DEBUG 15:52:45.318] - Searching for key &apos;c3p0.acquireIncrement&apos; in [environmentProperties]
[DEBUG 15:52:45.334] - Searching for key &apos;c3p0.acquireIncrement&apos; in [systemProperties]
[DEBUG 15:52:45.334] - Searching for key &apos;c3p0.acquireIncrement&apos; in [systemEnvironment]
[DEBUG 15:52:45.334] - Could not find key &apos;c3p0.acquireIncrement&apos; in any property source. Returning [null]
[DEBUG 15:52:45.334] - Searching for key &apos;c3p0.acquireIncrement&apos; in [localProperties]
[DEBUG 15:52:45.334] - Found key &apos;c3p0.acquireIncrement&apos; in [localProperties] with type [String] and value &apos;1&apos;
[DEBUG 15:52:45.334] - Searching for key &apos;c3p0.checkoutTimeout&apos; in [environmentProperties]
[DEBUG 15:52:45.334] - Searching for key &apos;c3p0.checkoutTimeout&apos; in [systemProperties]
[DEBUG 15:52:45.334] - Searching for key &apos;c3p0.checkoutTimeout&apos; in [systemEnvironment]
[DEBUG 15:52:45.334] - Could not find key &apos;c3p0.checkoutTimeout&apos; in any property source. Returning [null]
[DEBUG 15:52:45.334] - Searching for key &apos;c3p0.checkoutTimeout&apos; in [localProperties]
[DEBUG 15:52:45.334] - Found key &apos;c3p0.checkoutTimeout&apos; in [localProperties] with type [String] and value &apos;0&apos;
[DEBUG 15:52:45.334] - Searching for key &apos;jdbc.driver&apos; in [environmentProperties]
[DEBUG 15:52:45.334] - Searching for key &apos;jdbc.driver&apos; in [systemProperties]
[DEBUG 15:52:45.334] - Searching for key &apos;jdbc.driver&apos; in [systemEnvironment]
[DEBUG 15:52:45.334] - Could not find key &apos;jdbc.driver&apos; in any property source. Returning [null]
[DEBUG 15:52:45.334] - Searching for key &apos;jdbc.driver&apos; in [localProperties]
[DEBUG 15:52:45.334] - Found key &apos;jdbc.driver&apos; in [localProperties] with type [String] and value &apos;com.mysql.jdbc.Driver&apos;
[DEBUG 15:52:45.334] - Searching for key &apos;c3p0.idleConnectionTestPeriod&apos; in [environmentProperties]
[DEBUG 15:52:45.334] - Searching for key &apos;c3p0.idleConnectionTestPeriod&apos; in [systemProperties]
[DEBUG 15:52:45.334] - Searching for key &apos;c3p0.idleConnectionTestPeriod&apos; in [systemEnvironment]
[DEBUG 15:52:45.334] - Could not find key &apos;c3p0.idleConnectionTestPeriod&apos; in any property source. Returning [null]
[DEBUG 15:52:45.334] - Searching for key &apos;c3p0.idleConnectionTestPeriod&apos; in [localProperties]
[DEBUG 15:52:45.334] - Found key &apos;c3p0.idleConnectionTestPeriod&apos; in [localProperties] with type [String] and value &apos;30&apos;
[DEBUG 15:52:45.334] - Searching for key &apos;c3p0.initialPoolSize&apos; in [environmentProperties]
[DEBUG 15:52:45.334] - Searching for key &apos;c3p0.initialPoolSize&apos; in [systemProperties]
[DEBUG 15:52:45.334] - Searching for key &apos;c3p0.initialPoolSize&apos; in [systemEnvironment]
[DEBUG 15:52:45.334] - Could not find key &apos;c3p0.initialPoolSize&apos; in any property source. Returning [null]
[DEBUG 15:52:45.334] - Searching for key &apos;c3p0.initialPoolSize&apos; in [localProperties]
[DEBUG 15:52:45.334] - Found key &apos;c3p0.initialPoolSize&apos; in [localProperties] with type [String] and value &apos;1&apos;
[DEBUG 15:52:45.334] - Searching for key &apos;jdbc.url&apos; in [environmentProperties]
[DEBUG 15:52:45.334] - Searching for key &apos;jdbc.url&apos; in [systemProperties]
[DEBUG 15:52:45.334] - Searching for key &apos;jdbc.url&apos; in [systemEnvironment]
[DEBUG 15:52:45.334] - Could not find key &apos;jdbc.url&apos; in any property source. Returning [null]
[DEBUG 15:52:45.334] - Searching for key &apos;jdbc.url&apos; in [localProperties]
[DEBUG 15:52:45.334] - Found key &apos;jdbc.url&apos; in [localProperties] with type [String] and value &apos;jdbc:mysql://192.168.0.220:3306/ulms_staedu0922&apos;
[DEBUG 15:52:45.334] - Searching for key &apos;c3p0.maxIdleTime&apos; in [environmentProperties]
[DEBUG 15:52:45.334] - Searching for key &apos;c3p0.maxIdleTime&apos; in [systemProperties]
[DEBUG 15:52:45.334] - Searching for key &apos;c3p0.maxIdleTime&apos; in [systemEnvironment]
[DEBUG 15:52:45.334] - Could not find key &apos;c3p0.maxIdleTime&apos; in any property source. Returning [null]
[DEBUG 15:52:45.334] - Searching for key &apos;c3p0.maxIdleTime&apos; in [localProperties]
[DEBUG 15:52:45.334] - Found key &apos;c3p0.maxIdleTime&apos; in [localProperties] with type [String] and value &apos;30&apos;
[DEBUG 15:52:45.334] - Searching for key &apos;c3p0.maxPoolSize&apos; in [environmentProperties]
[DEBUG 15:52:45.334] - Searching for key &apos;c3p0.maxPoolSize&apos; in [systemProperties]
[DEBUG 15:52:45.334] - Searching for key &apos;c3p0.maxPoolSize&apos; in [systemEnvironment]
[DEBUG 15:52:45.334] - Could not find key &apos;c3p0.maxPoolSize&apos; in any property source. Returning [null]
[DEBUG 15:52:45.334] - Searching for key &apos;c3p0.maxPoolSize&apos; in [localProperties]
[DEBUG 15:52:45.334] - Found key &apos;c3p0.maxPoolSize&apos; in [localProperties] with type [String] and value &apos;3&apos;
[DEBUG 15:52:45.334] - Searching for key &apos;c3p0.maxStatements&apos; in [environmentProperties]
[DEBUG 15:52:45.334] - Searching for key &apos;c3p0.maxStatements&apos; in [systemProperties]
[DEBUG 15:52:45.334] - Searching for key &apos;c3p0.maxStatements&apos; in [systemEnvironment]
[DEBUG 15:52:45.334] - Could not find key &apos;c3p0.maxStatements&apos; in any property source. Returning [null]
[DEBUG 15:52:45.334] - Searching for key &apos;c3p0.maxStatements&apos; in [localProperties]
[DEBUG 15:52:45.334] - Found key &apos;c3p0.maxStatements&apos; in [localProperties] with type [String] and value &apos;10&apos;
[DEBUG 15:52:45.334] - Searching for key &apos;c3p0.minPoolSize&apos; in [environmentProperties]
[DEBUG 15:52:45.334] - Searching for key &apos;c3p0.minPoolSize&apos; in [systemProperties]
[DEBUG 15:52:45.334] - Searching for key &apos;c3p0.minPoolSize&apos; in [systemEnvironment]
[DEBUG 15:52:45.334] - Could not find key &apos;c3p0.minPoolSize&apos; in any property source. Returning [null]
[DEBUG 15:52:45.334] - Searching for key &apos;c3p0.minPoolSize&apos; in [localProperties]
[DEBUG 15:52:45.334] - Found key &apos;c3p0.minPoolSize&apos; in [localProperties] with type [String] and value &apos;1&apos;
[DEBUG 15:52:45.334] - Searching for key &apos;c3p0.numHelperThreads&apos; in [environmentProperties]
[DEBUG 15:52:45.334] - Searching for key &apos;c3p0.numHelperThreads&apos; in [systemProperties]
[DEBUG 15:52:45.334] - Searching for key &apos;c3p0.numHelperThreads&apos; in [systemEnvironment]
[DEBUG 15:52:45.334] - Could not find key &apos;c3p0.numHelperThreads&apos; in any property source. Returning [null]
[DEBUG 15:52:45.334] - Searching for key &apos;c3p0.numHelperThreads&apos; in [localProperties]
[DEBUG 15:52:45.334] - Found key &apos;c3p0.numHelperThreads&apos; in [localProperties] with type [String] and value &apos;100&apos;
[DEBUG 15:52:45.334] - Searching for key &apos;jdbc.password&apos; in [environmentProperties]
[DEBUG 15:52:45.334] - Searching for key &apos;jdbc.password&apos; in [systemProperties]
[DEBUG 15:52:45.334] - Searching for key &apos;jdbc.password&apos; in [systemEnvironment]
[DEBUG 15:52:45.334] - Could not find key &apos;jdbc.password&apos; in any property source. Returning [null]
[DEBUG 15:52:45.334] - Searching for key &apos;jdbc.password&apos; in [localProperties]
[DEBUG 15:52:45.334] - Found key &apos;jdbc.password&apos; in [localProperties] with type [String] and value &apos;ulms_staedu0922&apos;
[DEBUG 15:52:45.349] - Searching for key &apos;jdbc.username&apos; in [environmentProperties]
[DEBUG 15:52:45.349] - Searching for key &apos;jdbc.username&apos; in [systemProperties]
[DEBUG 15:52:45.349] - Searching for key &apos;jdbc.username&apos; in [systemEnvironment]
[DEBUG 15:52:45.349] - Could not find key &apos;jdbc.username&apos; in any property source. Returning [null]
[DEBUG 15:52:45.349] - Searching for key &apos;jdbc.username&apos; in [localProperties]
[DEBUG 15:52:45.349] - Found key &apos;jdbc.username&apos; in [localProperties] with type [String] and value &apos;ulms_staedu0922&apos;
[DEBUG 15:52:45.349] - Searching for key &apos;hibernate.c3p0.max_size&apos; in [environmentProperties]
[DEBUG 15:52:45.349] - Searching for key &apos;hibernate.c3p0.max_size&apos; in [systemProperties]
[DEBUG 15:52:45.349] - Searching for key &apos;hibernate.c3p0.max_size&apos; in [systemEnvironment]
[DEBUG 15:52:45.349] - Could not find key &apos;hibernate.c3p0.max_size&apos; in any property source. Returning [null]
[DEBUG 15:52:45.349] - Searching for key &apos;hibernate.c3p0.max_size&apos; in [localProperties]
[DEBUG 15:52:45.349] - Found key &apos;hibernate.c3p0.max_size&apos; in [localProperties] with type [String] and value &apos;200&apos;
[DEBUG 15:52:45.349] - Searching for key &apos;hibernate.show_sql&apos; in [environmentProperties]
[DEBUG 15:52:45.349] - Searching for key &apos;hibernate.show_sql&apos; in [systemProperties]
[DEBUG 15:52:45.349] - Searching for key &apos;hibernate.show_sql&apos; in [systemEnvironment]
[DEBUG 15:52:45.349] - Could not find key &apos;hibernate.show_sql&apos; in any property source. Returning [null]
[DEBUG 15:52:45.349] - Searching for key &apos;hibernate.show_sql&apos; in [localProperties]
[DEBUG 15:52:45.349] - Found key &apos;hibernate.show_sql&apos; in [localProperties] with type [String] and value &apos;true&apos;
[DEBUG 15:52:45.349] - Searching for key &apos;hibernate.dialect&apos; in [environmentProperties]
[DEBUG 15:52:45.349] - Searching for key &apos;hibernate.dialect&apos; in [systemProperties]
[DEBUG 15:52:45.349] - Searching for key &apos;hibernate.dialect&apos; in [systemEnvironment]
[DEBUG 15:52:45.349] - Could not find key &apos;hibernate.dialect&apos; in any property source. Returning [null]
[DEBUG 15:52:45.349] - Searching for key &apos;hibernate.dialect&apos; in [localProperties]
[DEBUG 15:52:45.349] - Found key &apos;hibernate.dialect&apos; in [localProperties] with type [String] and value &apos;org.hibernate.dialect.MySQL5InnoDBDialect&apos;
[DEBUG 15:52:45.349] - Searching for key &apos;hibernate.cache.provider_class&apos; in [environmentProperties]
[DEBUG 15:52:45.349] - Searching for key &apos;hibernate.cache.provider_class&apos; in [systemProperties]
[DEBUG 15:52:45.349] - Searching for key &apos;hibernate.cache.provider_class&apos; in [systemEnvironment]
[DEBUG 15:52:45.349] - Could not find key &apos;hibernate.cache.provider_class&apos; in any property source. Returning [null]
[DEBUG 15:52:45.349] - Searching for key &apos;hibernate.cache.provider_class&apos; in [localProperties]
[DEBUG 15:52:45.349] - Found key &apos;hibernate.cache.provider_class&apos; in [localProperties] with type [String] and value &apos;net.sf.ehcache.hibernate.EhCacheProvider&apos;
[DEBUG 15:52:45.349] - Searching for key &apos;hibernate.cache.use_query_cache&apos; in [environmentProperties]
[DEBUG 15:52:45.349] - Searching for key &apos;hibernate.cache.use_query_cache&apos; in [systemProperties]
[DEBUG 15:52:45.349] - Searching for key &apos;hibernate.cache.use_query_cache&apos; in [systemEnvironment]
[DEBUG 15:52:45.349] - Could not find key &apos;hibernate.cache.use_query_cache&apos; in any property source. Returning [null]
[DEBUG 15:52:45.349] - Searching for key &apos;hibernate.cache.use_query_cache&apos; in [localProperties]
[DEBUG 15:52:45.349] - Found key &apos;hibernate.cache.use_query_cache&apos; in [localProperties] with type [String] and value &apos;false&apos;
[DEBUG 15:52:45.349] - Searching for key &apos;hibernate.c3p0.idle_test_period&apos; in [environmentProperties]
[DEBUG 15:52:45.349] - Searching for key &apos;hibernate.c3p0.idle_test_period&apos; in [systemProperties]
[DEBUG 15:52:45.349] - Searching for key &apos;hibernate.c3p0.idle_test_period&apos; in [systemEnvironment]
[DEBUG 15:52:45.349] - Could not find key &apos;hibernate.c3p0.idle_test_period&apos; in any property source. Returning [null]
[DEBUG 15:52:45.349] - Searching for key &apos;hibernate.c3p0.idle_test_period&apos; in [localProperties]
[DEBUG 15:52:45.349] - Found key &apos;hibernate.c3p0.idle_test_period&apos; in [localProperties] with type [String] and value &apos;10&apos;
[DEBUG 15:52:45.349] - Searching for key &apos;hibernate.c3p0.timeout&apos; in [environmentProperties]
[DEBUG 15:52:45.349] - Searching for key &apos;hibernate.c3p0.timeout&apos; in [systemProperties]
[DEBUG 15:52:45.349] - Searching for key &apos;hibernate.c3p0.timeout&apos; in [systemEnvironment]
[DEBUG 15:52:45.349] - Could not find key &apos;hibernate.c3p0.timeout&apos; in any property source. Returning [null]
[DEBUG 15:52:45.349] - Searching for key &apos;hibernate.c3p0.timeout&apos; in [localProperties]
[DEBUG 15:52:45.349] - Found key &apos;hibernate.c3p0.timeout&apos; in [localProperties] with type [String] and value &apos;20&apos;
[DEBUG 15:52:45.349] - Searching for key &apos;hibernate.c3p0.acquire_increment&apos; in [environmentProperties]
[DEBUG 15:52:45.349] - Searching for key &apos;hibernate.c3p0.acquire_increment&apos; in [systemProperties]
[DEBUG 15:52:45.349] - Searching for key &apos;hibernate.c3p0.acquire_increment&apos; in [systemEnvironment]
[DEBUG 15:52:45.349] - Could not find key &apos;hibernate.c3p0.acquire_increment&apos; in any property source. Returning [null]
[DEBUG 15:52:45.349] - Searching for key &apos;hibernate.c3p0.acquire_increment&apos; in [localProperties]
[DEBUG 15:52:45.349] - Found key &apos;hibernate.c3p0.acquire_increment&apos; in [localProperties] with type [String] and value &apos;5&apos;
[DEBUG 15:52:45.349] - Searching for key &apos;hibernate.c3p0.max_statements&apos; in [environmentProperties]
[DEBUG 15:52:45.349] - Searching for key &apos;hibernate.c3p0.max_statements&apos; in [systemProperties]
[DEBUG 15:52:45.349] - Searching for key &apos;hibernate.c3p0.max_statements&apos; in [systemEnvironment]
[DEBUG 15:52:45.349] - Could not find key &apos;hibernate.c3p0.max_statements&apos; in any property source. Returning [null]
[DEBUG 15:52:45.349] - Searching for key &apos;hibernate.c3p0.max_statements&apos; in [localProperties]
[DEBUG 15:52:45.349] - Found key &apos;hibernate.c3p0.max_statements&apos; in [localProperties] with type [String] and value &apos;50&apos;
[DEBUG 15:52:45.349] - Searching for key &apos;hibernate.connection.pool_size&apos; in [environmentProperties]
[DEBUG 15:52:45.349] - Searching for key &apos;hibernate.connection.pool_size&apos; in [systemProperties]
[DEBUG 15:52:45.349] - Searching for key &apos;hibernate.connection.pool_size&apos; in [systemEnvironment]
[DEBUG 15:52:45.349] - Could not find key &apos;hibernate.connection.pool_size&apos; in any property source. Returning [null]
[DEBUG 15:52:45.349] - Searching for key &apos;hibernate.connection.pool_size&apos; in [localProperties]
[DEBUG 15:52:45.349] - Found key &apos;hibernate.connection.pool_size&apos; in [localProperties] with type [String] and value &apos;1&apos;
[DEBUG 15:52:45.349] - Searching for key &apos;hibernate.c3p0.min_size&apos; in [environmentProperties]
[DEBUG 15:52:45.349] - Searching for key &apos;hibernate.c3p0.min_size&apos; in [systemProperties]
[DEBUG 15:52:45.349] - Searching for key &apos;hibernate.c3p0.min_size&apos; in [systemEnvironment]
[DEBUG 15:52:45.349] - Could not find key &apos;hibernate.c3p0.min_size&apos; in any property source. Returning [null]
[DEBUG 15:52:45.349] - Searching for key &apos;hibernate.c3p0.min_size&apos; in [localProperties]
[DEBUG 15:52:45.349] - Found key &apos;hibernate.c3p0.min_size&apos; in [localProperties] with type [String] and value &apos;10&apos;
[DEBUG 15:52:45.349] - Searching for key &apos;hibernate.format_sql&apos; in [environmentProperties]
[DEBUG 15:52:45.349] - Searching for key &apos;hibernate.format_sql&apos; in [systemProperties]
[DEBUG 15:52:45.349] - Searching for key &apos;hibernate.format_sql&apos; in [systemEnvironment]
[DEBUG 15:52:45.365] - Could not find key &apos;hibernate.format_sql&apos; in any property source. Returning [null]
[DEBUG 15:52:45.365] - Searching for key &apos;hibernate.format_sql&apos; in [localProperties]
[DEBUG 15:52:45.365] - Found key &apos;hibernate.format_sql&apos; in [localProperties] with type [String] and value &apos;true&apos;
[DEBUG 15:52:45.365] - Searching for key &apos;hibernate.cache.region.factory_class&apos; in [environmentProperties]
[DEBUG 15:52:45.365] - Searching for key &apos;hibernate.cache.region.factory_class&apos; in [systemProperties]
[DEBUG 15:52:45.365] - Searching for key &apos;hibernate.cache.region.factory_class&apos; in [systemEnvironment]
[DEBUG 15:52:45.365] - Could not find key &apos;hibernate.cache.region.factory_class&apos; in any property source. Returning [null]
[DEBUG 15:52:45.365] - Searching for key &apos;hibernate.cache.region.factory_class&apos; in [localProperties]
[DEBUG 15:52:45.365] - Found key &apos;hibernate.cache.region.factory_class&apos; in [localProperties] with type [String] and value &apos;org.hibernate.cache.ehcache.EhCacheRegionFactory&apos;
[DEBUG 15:52:45.365] - Creating shared instance of singleton bean &apos;org.springframework.context.annotation.internalAutowiredAnnotationProcessor&apos;
[DEBUG 15:52:45.365] - Creating instance of bean &apos;org.springframework.context.annotation.internalAutowiredAnnotationProcessor&apos;
[DEBUG 15:52:45.365] - Eagerly caching bean &apos;org.springframework.context.annotation.internalAutowiredAnnotationProcessor&apos; to allow for resolving potential circular references
[DEBUG 15:52:45.365] - Finished creating instance of bean &apos;org.springframework.context.annotation.internalAutowiredAnnotationProcessor&apos;
[DEBUG 15:52:45.365] - Creating shared instance of singleton bean &apos;org.springframework.context.annotation.internalRequiredAnnotationProcessor&apos;
[DEBUG 15:52:45.365] - Creating instance of bean &apos;org.springframework.context.annotation.internalRequiredAnnotationProcessor&apos;
[DEBUG 15:52:45.365] - Eagerly caching bean &apos;org.springframework.context.annotation.internalRequiredAnnotationProcessor&apos; to allow for resolving potential circular references
[DEBUG 15:52:45.365] - Finished creating instance of bean &apos;org.springframework.context.annotation.internalRequiredAnnotationProcessor&apos;
[DEBUG 15:52:45.365] - Creating shared instance of singleton bean &apos;org.springframework.context.annotation.internalCommonAnnotationProcessor&apos;
[DEBUG 15:52:45.365] - Creating instance of bean &apos;org.springframework.context.annotation.internalCommonAnnotationProcessor&apos;
[DEBUG 15:52:45.381] - Eagerly caching bean &apos;org.springframework.context.annotation.internalCommonAnnotationProcessor&apos; to allow for resolving potential circular references
[DEBUG 15:52:45.381] - Finished creating instance of bean &apos;org.springframework.context.annotation.internalCommonAnnotationProcessor&apos;
[DEBUG 15:52:45.381] - Creating shared instance of singleton bean &apos;org.springframework.context.annotation.internalPersistenceAnnotationProcessor&apos;
[DEBUG 15:52:45.381] - Creating instance of bean &apos;org.springframework.context.annotation.internalPersistenceAnnotationProcessor&apos;
[DEBUG 15:52:45.381] - Eagerly caching bean &apos;org.springframework.context.annotation.internalPersistenceAnnotationProcessor&apos; to allow for resolving potential circular references
[DEBUG 15:52:45.381] - Finished creating instance of bean &apos;org.springframework.context.annotation.internalPersistenceAnnotationProcessor&apos;
[DEBUG 15:52:45.381] - Creating shared instance of singleton bean &apos;org.springframework.context.annotation.ConfigurationClassPostProcessor$ImportAwareBeanPostProcessor#0&apos;
[DEBUG 15:52:45.381] - Creating instance of bean &apos;org.springframework.context.annotation.ConfigurationClassPostProcessor$ImportAwareBeanPostProcessor#0&apos;
[DEBUG 15:52:45.381] - Eagerly caching bean &apos;org.springframework.context.annotation.ConfigurationClassPostProcessor$ImportAwareBeanPostProcessor#0&apos; to allow for resolving potential circular references
[DEBUG 15:52:45.381] - Finished creating instance of bean &apos;org.springframework.context.annotation.ConfigurationClassPostProcessor$ImportAwareBeanPostProcessor#0&apos;
[DEBUG 15:52:45.381] - Creating shared instance of singleton bean &apos;org.springframework.aop.config.internalAutoProxyCreator&apos;
[DEBUG 15:52:45.381] - Creating instance of bean &apos;org.springframework.aop.config.internalAutoProxyCreator&apos;
[DEBUG 15:52:45.396] - Eagerly caching bean &apos;org.springframework.aop.config.internalAutoProxyCreator&apos; to allow for resolving potential circular references
[DEBUG 15:52:45.412] - Finished creating instance of bean &apos;org.springframework.aop.config.internalAutoProxyCreator&apos;
[DEBUG 15:52:45.412] - Unable to locate MessageSource with name &apos;messageSource&apos;: using default [org.springframework.context.support.DelegatingMessageSource@25071521]
[DEBUG 15:52:45.427] - Unable to locate ApplicationEventMulticaster with name &apos;applicationEventMulticaster&apos;: using default [org.springframework.context.event.SimpleApplicationEventMulticaster@18682406]
[INFO  15:52:45.427] - Pre-instantiating singletons in org.springframework.beans.factory.support.DefaultListableBeanFactory@609903f4: defining beans [trade,apnsDaoImpl,bookMarkDaoImpl,catalogDaoImpl,commentDaoImpl,courseDaoImpl,noteDaoImpl,orderDaoImpl,SCODaoImpl,userCourseDaoImpl,userDaoImpl,OAuthTokenFilter,tokenGenerator,tokenStorage,tokenValidator,feedRepositoryImpl,updateRecordRepositoryImpl,apnsManager,bookMarkManager,catalogManager,commentManager,courseManager,feedManager,noteManager,orderManager,SCOManager,userManager,org.springframework.context.annotation.internalConfigurationAnnotationProcessor,org.springframework.context.annotation.internalAutowiredAnnotationProcessor,org.springframework.context.annotation.internalRequiredAnnotationProcessor,org.springframework.context.annotation.internalCommonAnnotationProcessor,org.springframework.context.annotation.internalPersistenceAnnotationProcessor,org.springframework.context.support.PropertySourcesPlaceholderConfigurer#0,dataSource,sessionFactory,transactionManager,txAdvice,org.springframework.aop.config.internalAutoProxyCreator,Methods,org.springframework.aop.support.DefaultBeanFactoryPointcutAdvisor#0,jdbcTemplate,memcachedClientBuilder,memcachedClient,memcachedTemplate,org.springframework.context.annotation.ConfigurationClassPostProcessor$ImportAwareBeanPostProcessor#0]; root of factory hierarchy
[DEBUG 15:52:45.427] - Creating shared instance of singleton bean &apos;trade&apos;
[DEBUG 15:52:45.427] - Creating instance of bean &apos;trade&apos;
[DEBUG 15:52:45.427] - Creating shared instance of singleton bean &apos;org.springframework.aop.support.DefaultBeanFactoryPointcutAdvisor#0&apos;
[DEBUG 15:52:45.427] - Creating instance of bean &apos;org.springframework.aop.support.DefaultBeanFactoryPointcutAdvisor#0&apos;
[DEBUG 15:52:45.427] - Eagerly caching bean &apos;org.springframework.aop.support.DefaultBeanFactoryPointcutAdvisor#0&apos; to allow for resolving potential circular references
[DEBUG 15:52:45.661] - Creating instance of bean &apos;Methods&apos;
[DEBUG 15:52:45.677] - Finished creating instance of bean &apos;Methods&apos;
[DEBUG 15:52:45.677] - Finished creating instance of bean &apos;org.springframework.aop.support.DefaultBeanFactoryPointcutAdvisor#0&apos;
[DEBUG 15:52:45.708] - Eagerly caching bean &apos;trade&apos; to allow for resolving potential circular references
[DEBUG 15:52:45.708] - Returning cached instance of singleton bean &apos;org.springframework.aop.support.DefaultBeanFactoryPointcutAdvisor#0&apos;
[DEBUG 15:52:45.708] - Returning cached instance of singleton bean &apos;org.springframework.aop.support.DefaultBeanFactoryPointcutAdvisor#0&apos;
[DEBUG 15:52:46.036] - Finished creating instance of bean &apos;trade&apos;
[DEBUG 15:52:46.036] - Creating shared instance of singleton bean &apos;apnsDaoImpl&apos;
[DEBUG 15:52:46.036] - Creating instance of bean &apos;apnsDaoImpl&apos;
[DEBUG 15:52:46.036] - Returning cached instance of singleton bean &apos;org.springframework.aop.support.DefaultBeanFactoryPointcutAdvisor#0&apos;
[DEBUG 15:52:46.036] - Found injected element on class [com.ulearning.ulms.appbackend.dao.impl.ApnsDaoImpl]: AutowiredMethodElement for public void com.ulearning.ulms.appbackend.dao.impl.DaoImpl.setSessionFactory(org.hibernate.SessionFactory)
[DEBUG 15:52:46.036] - Eagerly caching bean &apos;apnsDaoImpl&apos; to allow for resolving potential circular references
[DEBUG 15:52:46.051] - Processing injected method of bean &apos;apnsDaoImpl&apos;: AutowiredMethodElement for public void com.ulearning.ulms.appbackend.dao.impl.DaoImpl.setSessionFactory(org.hibernate.SessionFactory)
[DEBUG 15:52:46.098] - Creating shared instance of singleton bean &apos;sessionFactory&apos;
[DEBUG 15:52:46.098] - Creating instance of bean &apos;sessionFactory&apos;
[DEBUG 15:52:46.098] - Returning cached instance of singleton bean &apos;org.springframework.aop.support.DefaultBeanFactoryPointcutAdvisor#0&apos;
[DEBUG 15:52:46.114] - Eagerly caching bean &apos;sessionFactory&apos; to allow for resolving potential circular references
[DEBUG 15:52:46.129] - Creating shared instance of singleton bean &apos;dataSource&apos;
[DEBUG 15:52:46.129] - Creating instance of bean &apos;dataSource&apos;
[DEBUG 15:52:46.129] - Returning cached instance of singleton bean &apos;org.springframework.aop.support.DefaultBeanFactoryPointcutAdvisor#0&apos;
[INFO  15:52:46.192] - MLog clients using log4j logging.
[INFO  15:52:46.317] - Initializing c3p0-0.9.1.2 [built 21-May-2007 15:04:56; debug? true; trace: 10]
[DEBUG 15:52:46.348] - MBean: com.mchange.v2.c3p0:type=PooledDataSource[1hge0xw8q1og439rzv3hs8|6c0ec436] registered.
[DEBUG 15:52:46.379] - Eagerly caching bean &apos;dataSource&apos; to allow for resolving potential circular references
[DEBUG 15:52:46.551] - Initializing new StandardEnvironment
[DEBUG 15:52:46.551] - Adding [systemProperties] PropertySource with lowest search precedence
[DEBUG 15:52:46.551] - Adding [systemEnvironment] PropertySource with lowest search precedence
[DEBUG 15:52:46.551] - Initialized StandardEnvironment with PropertySources [systemProperties,systemEnvironment]
[DEBUG 15:52:46.551] - Initializing new StandardEnvironment
[DEBUG 15:52:46.551] - Adding [systemProperties] PropertySource with lowest search precedence
[DEBUG 15:52:46.551] - Adding [systemEnvironment] PropertySource with lowest search precedence
[DEBUG 15:52:46.551] - Initialized StandardEnvironment with PropertySources [systemProperties,systemEnvironment]
[DEBUG 15:52:46.551] - Initializing new StandardEnvironment
[DEBUG 15:52:46.551] - Adding [systemProperties] PropertySource with lowest search precedence
[DEBUG 15:52:46.551] - Adding [systemEnvironment] PropertySource with lowest search precedence
[DEBUG 15:52:46.551] - Initialized StandardEnvironment with PropertySources [systemProperties,systemEnvironment]
[DEBUG 15:52:46.551] - Initializing new StandardEnvironment
[DEBUG 15:52:46.551] - Adding [systemProperties] PropertySource with lowest search precedence
[DEBUG 15:52:46.551] - Adding [systemEnvironment] PropertySource with lowest search precedence
[DEBUG 15:52:46.551] - Initialized StandardEnvironment with PropertySources [systemProperties,systemEnvironment]
[DEBUG 15:52:46.551] - Initializing new StandardEnvironment
[DEBUG 15:52:46.551] - Adding [systemProperties] PropertySource with lowest search precedence
[DEBUG 15:52:46.551] - Adding [systemEnvironment] PropertySource with lowest search precedence
[DEBUG 15:52:46.551] - Initialized StandardEnvironment with PropertySources [systemProperties,systemEnvironment]
[DEBUG 15:52:46.566] - Returning cached instance of singleton bean &apos;org.springframework.aop.support.DefaultBeanFactoryPointcutAdvisor#0&apos;
[DEBUG 15:52:46.566] - Returning cached instance of singleton bean &apos;org.springframework.aop.support.DefaultBeanFactoryPointcutAdvisor#0&apos;
[DEBUG 15:52:46.629] - Finished creating instance of bean &apos;dataSource&apos;
[DEBUG 15:52:46.629] - Initializing new StandardEnvironment
[DEBUG 15:52:46.629] - Adding [systemProperties] PropertySource with lowest search precedence
[DEBUG 15:52:46.629] - Adding [systemEnvironment] PropertySource with lowest search precedence
[DEBUG 15:52:46.629] - Initialized StandardEnvironment with PropertySources [systemProperties,systemEnvironment]
[DEBUG 15:52:46.629] - Initializing new StandardEnvironment
[DEBUG 15:52:46.629] - Adding [systemProperties] PropertySource with lowest search precedence
[DEBUG 15:52:46.629] - Adding [systemEnvironment] PropertySource with lowest search precedence
[DEBUG 15:52:46.629] - Initialized StandardEnvironment with PropertySources [systemProperties,systemEnvironment]
[DEBUG 15:52:46.629] - Initializing new StandardEnvironment
[DEBUG 15:52:46.629] - Adding [systemProperties] PropertySource with lowest search precedence
[DEBUG 15:52:46.629] - Adding [systemEnvironment] PropertySource with lowest search precedence
[DEBUG 15:52:46.629] - Initialized StandardEnvironment with PropertySources [systemProperties,systemEnvironment]
[DEBUG 15:52:46.629] - Initializing new StandardEnvironment
[DEBUG 15:52:46.629] - Adding [systemProperties] PropertySource with lowest search precedence
[DEBUG 15:52:46.644] - Adding [systemEnvironment] PropertySource with lowest search precedence
[DEBUG 15:52:46.644] - Initialized StandardEnvironment with PropertySources [systemProperties,systemEnvironment]
[DEBUG 15:52:46.644] - Initializing new StandardEnvironment
[DEBUG 15:52:46.644] - Adding [systemProperties] PropertySource with lowest search precedence
[DEBUG 15:52:46.644] - Adding [systemEnvironment] PropertySource with lowest search precedence
[DEBUG 15:52:46.644] - Initialized StandardEnvironment with PropertySources [systemProperties,systemEnvironment]
[DEBUG 15:52:46.644] - Invoking afterPropertiesSet() on bean with name &apos;sessionFactory&apos;
[DEBUG 15:52:46.785] - Logging Provider: org.jboss.logging.Log4jLoggerProvider
[DEBUG 15:52:46.925] - Adding type registration boolean -&gt; org.hibernate.type.BooleanType@5d90b72c
[DEBUG 15:52:46.925] - Adding type registration boolean -&gt; org.hibernate.type.BooleanType@5d90b72c
[DEBUG 15:52:46.925] - Adding type registration java.lang.Boolean -&gt; org.hibernate.type.BooleanType@5d90b72c
[DEBUG 15:52:46.925] - Adding type registration numeric_boolean -&gt; org.hibernate.type.NumericBooleanType@41e3a0ec
[DEBUG 15:52:46.925] - Adding type registration true_false -&gt; org.hibernate.type.TrueFalseType@57f7cdc7
[DEBUG 15:52:46.925] - Adding type registration yes_no -&gt; org.hibernate.type.YesNoType@74d402dd
[DEBUG 15:52:46.925] - Adding type registration byte -&gt; org.hibernate.type.ByteType@60407166
[DEBUG 15:52:46.925] - Adding type registration byte -&gt; org.hibernate.type.ByteType@60407166
[DEBUG 15:52:46.925] - Adding type registration java.lang.Byte -&gt; org.hibernate.type.ByteType@60407166
[DEBUG 15:52:46.925] - Adding type registration character -&gt; org.hibernate.type.CharacterType@7b751a9e
[DEBUG 15:52:46.925] - Adding type registration char -&gt; org.hibernate.type.CharacterType@7b751a9e
[DEBUG 15:52:46.925] - Adding type registration java.lang.Character -&gt; org.hibernate.type.CharacterType@7b751a9e
[DEBUG 15:52:46.941] - Adding type registration short -&gt; org.hibernate.type.ShortType@3982a033
[DEBUG 15:52:46.941] - Adding type registration short -&gt; org.hibernate.type.ShortType@3982a033
[DEBUG 15:52:46.941] - Adding type registration java.lang.Short -&gt; org.hibernate.type.ShortType@3982a033
[DEBUG 15:52:46.941] - Adding type registration integer -&gt; org.hibernate.type.IntegerType@53458dcb
[DEBUG 15:52:46.941] - Adding type registration int -&gt; org.hibernate.type.IntegerType@53458dcb
[DEBUG 15:52:46.941] - Adding type registration java.lang.Integer -&gt; org.hibernate.type.IntegerType@53458dcb
[DEBUG 15:52:46.941] - Adding type registration long -&gt; org.hibernate.type.LongType@50c713d2
[DEBUG 15:52:46.941] - Adding type registration long -&gt; org.hibernate.type.LongType@50c713d2
[DEBUG 15:52:46.941] - Adding type registration java.lang.Long -&gt; org.hibernate.type.LongType@50c713d2
[DEBUG 15:52:46.941] - Adding type registration float -&gt; org.hibernate.type.FloatType@127e5130
[DEBUG 15:52:46.941] - Adding type registration float -&gt; org.hibernate.type.FloatType@127e5130
[DEBUG 15:52:46.941] - Adding type registration java.lang.Float -&gt; org.hibernate.type.FloatType@127e5130
[DEBUG 15:52:46.941] - Adding type registration double -&gt; org.hibernate.type.DoubleType@43f2f70a
[DEBUG 15:52:46.941] - Adding type registration double -&gt; org.hibernate.type.DoubleType@43f2f70a
[DEBUG 15:52:46.941] - Adding type registration java.lang.Double -&gt; org.hibernate.type.DoubleType@43f2f70a
[DEBUG 15:52:46.956] - Adding type registration big_decimal -&gt; org.hibernate.type.BigDecimalType@2c6c5356
[DEBUG 15:52:46.956] - Adding type registration java.math.BigDecimal -&gt; org.hibernate.type.BigDecimalType@2c6c5356
[DEBUG 15:52:46.956] - Adding type registration big_integer -&gt; org.hibernate.type.BigIntegerType@63db6942
[DEBUG 15:52:46.956] - Adding type registration java.math.BigInteger -&gt; org.hibernate.type.BigIntegerType@63db6942
[DEBUG 15:52:46.956] - Adding type registration string -&gt; org.hibernate.type.StringType@59566a6c
[DEBUG 15:52:46.956] - Adding type registration java.lang.String -&gt; org.hibernate.type.StringType@59566a6c
[DEBUG 15:52:46.956] - Adding type registration url -&gt; org.hibernate.type.UrlType@2075c78d
[DEBUG 15:52:46.956] - Adding type registration java.net.URL -&gt; org.hibernate.type.UrlType@2075c78d
[DEBUG 15:52:46.972] - Adding type registration date -&gt; org.hibernate.type.DateType@485b78cf
[DEBUG 15:52:46.972] - Adding type registration java.sql.Date -&gt; org.hibernate.type.DateType@485b78cf
[DEBUG 15:52:46.972] - Adding type registration time -&gt; org.hibernate.type.TimeType@63fb050c
[...]
[DEBUG 15:52:50.934] - Thread[com.mchange.v2.async.ThreadPoolAsynchronousRunner$PoolThread-#13,5,main] interrupted. Shutting down.
[DEBUG 15:52:50.934] - Thread[com.mchange.v2.async.ThreadPoolAsynchronousRunner$PoolThread-#27,5,main] interrupted. Shutting down.
[DEBUG 15:52:50.934] - Thread[com.mchange.v2.async.ThreadPoolAsynchronousRunner$PoolThread-#35,5,main] interrupted. Shutting down.
[DEBUG 15:52:50.934] - Thread[com.mchange.v2.async.ThreadPoolAsynchronousRunner$PoolThread-#53,5,main] interrupted. Shutting down.
[DEBUG 15:52:50.934] - Thread[com.mchange.v2.async.ThreadPoolAsynchronousRunner$PoolThread-#41,5,main] interrupted. Shutting down.
[DEBUG 15:52:50.934] - Thread[com.mchange.v2.async.ThreadPoolAsynchronousRunner$PoolThread-#93,5,main] interrupted. Shutting down.
[DEBUG 15:52:50.934] - Thread[com.mchange.v2.async.ThreadPoolAsynchronousRunner$PoolThread-#45,5,main] interrupted. Shutting down.
[DEBUG 15:52:50.934] - Thread[com.mchange.v2.async.ThreadPoolAsynchronousRunner$PoolThread-#33,5,main] interrupted. Shutting down.
[DEBUG 15:52:50.950] - Thread[com.mchange.v2.async.ThreadPoolAsynchronousRunner$PoolThread-#29,5,main] interrupted. Shutting down.
[DEBUG 15:52:50.950] - Thread[com.mchange.v2.async.ThreadPoolAsynchronousRunner$PoolThread-#24,5,main] interrupted. Shutting down.
[DEBUG 15:52:50.950] - Thread[com.mchange.v2.async.ThreadPoolAsynchronousRunner$PoolThread-#36,5,main] interrupted. Shutting down.
[DEBUG 15:52:50.965] - Thread[com.mchange.v2.async.ThreadPoolAsynchronousRunner$PoolThread-#14,5,main] interrupted. Shutting down.
[DEBUG 15:52:50.950] - Thread[com.mchange.v2.async.ThreadPoolAsynchronousRunner$PoolThread-#88,5,main] interrupted. Shutting down.
[DEBUG 15:52:50.950] - Thread[com.mchange.v2.async.ThreadPoolAsynchronousRunner$PoolThread-#28,5,main] interrupted. Shutting down.
[DEBUG 15:52:50.950] - Thread[com.mchange.v2.async.ThreadPoolAsynchronousRunner$PoolThread-#40,5,main] interrupted. Shutting down.
[DEBUG 15:52:50.950] - Thread[com.mchange.v2.async.ThreadPoolAsynchronousRunner$PoolThread-#6,5,main] interrupted. Shutting down.
[DEBUG 15:52:50.950] - com.mchange.v2.c3p0.impl.NewPooledConnection@3bfc47 closed by a client.
java.lang.Exception: DEBUG -- CLOSE BY CLIENT STACK TRACE
	at com.mchange.v2.c3p0.impl.NewPooledConnection.close(NewPooledConnection.java:566) [c3p0-0.9.1.2.jar:0.9.1.2]
	at com.mchange.v2.c3p0.impl.NewPooledConnection.close(NewPooledConnection.java:234) [c3p0-0.9.1.2.jar:0.9.1.2]
	at com.mchange.v2.c3p0.impl.C3P0PooledConnectionPool$1PooledConnectionResourcePoolManager.destroyResource(C3P0PooledConnectionPool.java:470) [c3p0-0.9.1.2.jar:0.9.1.2]
	at com.mchange.v2.resourcepool.BasicResourcePool$1DestroyResourceTask.run(BasicResourcePool.java:964) [c3p0-0.9.1.2.jar:0.9.1.2]
	at com.mchange.v2.resourcepool.BasicResourcePool.destroyResource(BasicResourcePool.java:989) [c3p0-0.9.1.2.jar:0.9.1.2]
	at com.mchange.v2.resourcepool.BasicResourcePool.access$100(BasicResourcePool.java:32) [c3p0-0.9.1.2.jar:0.9.1.2]
	at com.mchange.v2.resourcepool.BasicResourcePool$5.run(BasicResourcePool.java:1174) [c3p0-0.9.1.2.jar:0.9.1.2]
[DEBUG 15:52:50.965] - Successfully destroyed PooledConnection: com.mchange.v2.c3p0.impl.NewPooledConnection@3bfc47
[DEBUG 15:52:50.965] - Successfully destroyed resource: com.mchange.v2.c3p0.impl.NewPooledConnection@3bfc47
[DEBUG 15:52:50.965] - com.mchange.v2.c3p0.ComboPooledDataSource@6c0ec436 has been closed. 
java.lang.Exception: DEBUG STACK TRACE for PoolBackedDataSource.close().
	at com.mchange.v2.c3p0.impl.AbstractPoolBackedDataSource.close(AbstractPoolBackedDataSource.java:417) [c3p0-0.9.1.2.jar:0.9.1.2]
	at sun.reflect.NativeMethodAccessorImpl.invoke0(Native Method) ~[na:1.6.0_34]
	at sun.reflect.NativeMethodAccessorImpl.invoke(NativeMethodAccessorImpl.java:39) ~[na:1.6.0_34]
	at sun.reflect.DelegatingMethodAccessorImpl.invoke(DelegatingMethodAccessorImpl.java:25) ~[na:1.6.0_34]
	at java.lang.reflect.Method.invoke(Method.java:597) ~[na:1.6.0_34]
	at org.springframework.beans.factory.support.DisposableBeanAdapter.invokeCustomDestroyMethod(DisposableBeanAdapter.java:300) [spring-beans-3.1.2.RELEASE.jar:3.1.2.RELEASE]
	at org.springframework.beans.factory.support.DisposableBeanAdapter.destroy(DisposableBeanAdapter.java:226) [spring-beans-3.1.2.RELEASE.jar:3.1.2.RELEASE]
	at org.springframework.beans.factory.support.DefaultSingletonBeanRegistry.destroyBean(DefaultSingletonBeanRegistry.java:498) [spring-beans-3.1.2.RELEASE.jar:3.1.2.RELEASE]
	at org.springframework.beans.factory.support.DefaultSingletonBeanRegistry.destroySingleton(DefaultSingletonBeanRegistry.java:474) [spring-beans-3.1.2.RELEASE.jar:3.1.2.RELEASE]
	at org.springframework.beans.factory.support.DefaultSingletonBeanRegistry.destroySingletons(DefaultSingletonBeanRegistry.java:442) [spring-beans-3.1.2.RELEASE.jar:3.1.2.RELEASE]
	at org.springframework.context.support.AbstractApplicationContext.destroyBeans(AbstractApplicationContext.java:1071) [spring-context-3.1.2.RELEASE.jar:3.1.2.RELEASE]
	at org.springframework.context.support.AbstractApplicationContext.refresh(AbstractApplicationContext.java:477) [spring-context-3.1.2.RELEASE.jar:3.1.2.RELEASE]
	at org.springframework.test.context.support.AbstractGenericContextLoader.loadContext(AbstractGenericContextLoader.java:103) [spring-test-3.1.2.RELEASE.jar:3.1.2.RELEASE]
	at org.springframework.test.context.support.AbstractGenericContextLoader.loadContext(AbstractGenericContextLoader.java:1) [spring-test-3.1.2.RELEASE.jar:3.1.2.RELEASE]
	at org.springframework.test.context.support.DelegatingSmartContextLoader.loadContext(DelegatingSmartContextLoader.java:228) [spring-test-3.1.2.RELEASE.jar:3.1.2.RELEASE]
	at org.springframework.test.context.TestContext.loadApplicationContext(TestContext.java:124) [spring-test-3.1.2.RELEASE.jar:3.1.2.RELEASE]
	at org.springframework.test.context.TestContext.getApplicationContext(TestContext.java:148) [spring-test-3.1.2.RELEASE.jar:3.1.2.RELEASE]
	at org.springframework.test.context.support.DependencyInjectionTestExecutionListener.injectDependencies(DependencyInjectionTestExecutionListener.java:109) [spring-test-3.1.2.RELEASE.jar:3.1.2.RELEASE]
	at org.springframework.test.context.support.DependencyInjectionTestExecutionListener.prepareTestInstance(DependencyInjectionTestExecutionListener.java:75) [spring-test-3.1.2.RELEASE.jar:3.1.2.RELEASE]
	at org.springframework.test.context.TestContextManager.prepareTestInstance(TestContextManager.java:321) [spring-test-3.1.2.RELEASE.jar:3.1.2.RELEASE]
	at org.springframework.test.context.junit4.SpringJUnit4ClassRunner.createTest(SpringJUnit4ClassRunner.java:211) [spring-test-3.1.2.RELEASE.jar:3.1.2.RELEASE]
	at org.springframework.test.context.junit4.SpringJUnit4ClassRunner$1.runReflectiveCall(SpringJUnit4ClassRunner.java:288) [spring-test-3.1.2.RELEASE.jar:3.1.2.RELEASE]
	at org.junit.internal.runners.model.ReflectiveCallable.run(ReflectiveCallable.java:15) [junit-4.9.jar:na]
	at org.springframework.test.context.junit4.SpringJUnit4ClassRunner.methodBlock(SpringJUnit4ClassRunner.java:290) [spring-test-3.1.2.RELEASE.jar:3.1.2.RELEASE]
	at org.springframework.test.context.junit4.SpringJUnit4ClassRunner.runChild(SpringJUnit4ClassRunner.java:231) [spring-test-3.1.2.RELEASE.jar:3.1.2.RELEASE]
	at org.junit.runners.BlockJUnit4ClassRunner.runChild(BlockJUnit4ClassRunner.java:48) [junit-4.9.jar:na]
	at org.junit.runners.ParentRunner$3.run(ParentRunner.java:231) [junit-4.9.jar:na]
	at org.junit.runners.ParentRunner$1.schedule(ParentRunner.java:60) [junit-4.9.jar:na]
	at org.junit.runners.ParentRunner.runChildren(ParentRunner.java:229) [junit-4.9.jar:na]
	at org.junit.runners.ParentRunner.access$000(ParentRunner.java:50) [junit-4.9.jar:na]
	at org.junit.runners.ParentRunner$2.evaluate(ParentRunner.java:222) [junit-4.9.jar:na]
	at org.springframework.test.context.junit4.statements.RunBeforeTestClassCallbacks.evaluate(RunBeforeTestClassCallbacks.java:61) [spring-test-3.1.2.RELEASE.jar:3.1.2.RELEASE]
	at org.springframework.test.context.junit4.statements.RunAfterTestClassCallbacks.evaluate(RunAfterTestClassCallbacks.java:71) [spring-test-3.1.2.RELEASE.jar:3.1.2.RELEASE]
	at org.junit.runners.ParentRunner.run(ParentRunner.java:292) [junit-4.9.jar:na]
	at org.springframework.test.context.junit4.SpringJUnit4ClassRunner.run(SpringJUnit4ClassRunner.java:174) [spring-test-3.1.2.RELEASE.jar:3.1.2.RELEASE]
	at org.apache.maven.surefire.junit4.JUnit4TestSet.execute(JUnit4TestSet.java:53) [surefire-junit4-2.10.jar:2.10]
	at org.apache.maven.surefire.junit4.JUnit4Provider.executeTestSet(JUnit4Provider.java:123) [surefire-junit4-2.10.jar:2.10]
	at org.apache.maven.surefire.junit4.JUnit4Provider.invoke(JUnit4Provider.java:104) [surefire-junit4-2.10.jar:2.10]
	at sun.reflect.NativeMethodAccessorImpl.invoke0(Native Method) ~[na:1.6.0_34]
	at sun.reflect.NativeMethodAccessorImpl.invoke(NativeMethodAccessorImpl.java:39) ~[na:1.6.0_34]
	at sun.reflect.DelegatingMethodAccessorImpl.invoke(DelegatingMethodAccessorImpl.java:25) ~[na:1.6.0_34]
	at java.lang.reflect.Method.invoke(Method.java:597) ~[na:1.6.0_34]
	at org.apache.maven.surefire.util.ReflectionUtils.invokeMethodWithArray(ReflectionUtils.java:164) [surefire-api-2.10.jar:2.10]
	at org.apache.maven.surefire.booter.ProviderFactory$ProviderProxy.invoke(ProviderFactory.java:110) [surefire-booter-2.10.jar:2.10]
	at org.apache.maven.surefire.booter.SurefireStarter.invokeProvider(SurefireStarter.java:175) [surefire-booter-2.10.jar:2.10]
	at org.apache.maven.surefire.booter.SurefireStarter.runSuitesInProcessWhenForked(SurefireStarter.java:107) [surefire-booter-2.10.jar:2.10]
	at org.apache.maven.surefire.booter.ForkedBooter.main(ForkedBooter.java:68) [surefire-booter-2.10.jar:2.10]
[ERROR 15:52:50.965] - Caught exception while allowing TestExecutionListener [org.springframework.test.context.support.DependencyInjectionTestExecutionListener@469c15d2] to prepare test instance [com.ulearning.ulms.appbackend.dao.UserDaoTest@783c342b]
java.lang.IllegalStateException: Failed to load ApplicationContext
	at org.springframework.test.context.TestContext.getApplicationContext(TestContext.java:157) ~[spring-test-3.1.2.RELEASE.jar:3.1.2.RELEASE]
	at org.springframework.test.context.support.DependencyInjectionTestExecutionListener.injectDependencies(DependencyInjectionTestExecutionListener.java:109) ~[spring-test-3.1.2.RELEASE.jar:3.1.2.RELEASE]
	at org.springframework.test.context.support.DependencyInjectionTestExecutionListener.prepareTestInstance(DependencyInjectionTestExecutionListener.java:75) ~[spring-test-3.1.2.RELEASE.jar:3.1.2.RELEASE]
	at org.springframework.test.context.TestContextManager.prepareTestInstance(TestContextManager.java:321) ~[spring-test-3.1.2.RELEASE.jar:3.1.2.RELEASE]
	at org.springframework.test.context.junit4.SpringJUnit4ClassRunner.createTest(SpringJUnit4ClassRunner.java:211) [spring-test-3.1.2.RELEASE.jar:3.1.2.RELEASE]
	at org.springframework.test.context.junit4.SpringJUnit4ClassRunner$1.runReflectiveCall(SpringJUnit4ClassRunner.java:288) [spring-test-3.1.2.RELEASE.jar:3.1.2.RELEASE]
	at org.junit.internal.runners.model.ReflectiveCallable.run(ReflectiveCallable.java:15) [junit-4.9.jar:na]
	at org.springframework.test.context.junit4.SpringJUnit4ClassRunner.methodBlock(SpringJUnit4ClassRunner.java:290) [spring-test-3.1.2.RELEASE.jar:3.1.2.RELEASE]
	at org.springframework.test.context.junit4.SpringJUnit4ClassRunner.runChild(SpringJUnit4ClassRunner.java:231) [spring-test-3.1.2.RELEASE.jar:3.1.2.RELEASE]
	at org.junit.runners.BlockJUnit4ClassRunner.runChild(BlockJUnit4ClassRunner.java:48) [junit-4.9.jar:na]
	at org.junit.runners.ParentRunner$3.run(ParentRunner.java:231) [junit-4.9.jar:na]
	at org.junit.runners.ParentRunner$1.schedule(ParentRunner.java:60) [junit-4.9.jar:na]
	at org.junit.runners.ParentRunner.runChildren(ParentRunner.java:229) [junit-4.9.jar:na]
	at org.junit.runners.ParentRunner.access$000(ParentRunner.java:50) [junit-4.9.jar:na]
	at org.junit.runners.ParentRunner$2.evaluate(ParentRunner.java:222) [junit-4.9.jar:na]
	at org.springframework.test.context.junit4.statements.RunBeforeTestClassCallbacks.evaluate(RunBeforeTestClassCallbacks.java:61) [spring-test-3.1.2.RELEASE.jar:3.1.2.RELEASE]
	at org.springframework.test.context.junit4.statements.RunAfterTestClassCallbacks.evaluate(RunAfterTestClassCallbacks.java:71) [spring-test-3.1.2.RELEASE.jar:3.1.2.RELEASE]
	at org.junit.runners.ParentRunner.run(ParentRunner.java:292) [junit-4.9.jar:na]
	at org.springframework.test.context.junit4.SpringJUnit4ClassRunner.run(SpringJUnit4ClassRunner.java:174) [spring-test-3.1.2.RELEASE.jar:3.1.2.RELEASE]
	at org.apache.maven.surefire.junit4.JUnit4TestSet.execute(JUnit4TestSet.java:53) [surefire-junit4-2.10.jar:2.10]
	at org.apache.maven.surefire.junit4.JUnit4Provider.executeTestSet(JUnit4Provider.java:123) [surefire-junit4-2.10.jar:2.10]
	at org.apache.maven.surefire.junit4.JUnit4Provider.invoke(JUnit4Provider.java:104) [surefire-junit4-2.10.jar:2.10]
	at sun.reflect.NativeMethodAccessorImpl.invoke0(Native Method) ~[na:1.6.0_34]
	at sun.reflect.NativeMethodAccessorImpl.invoke(NativeMethodAccessorImpl.java:39) ~[na:1.6.0_34]
	at sun.reflect.DelegatingMethodAccessorImpl.invoke(DelegatingMethodAccessorImpl.java:25) ~[na:1.6.0_34]
	at java.lang.reflect.Method.invoke(Method.java:597) ~[na:1.6.0_34]
	at org.apache.maven.surefire.util.ReflectionUtils.invokeMethodWithArray(ReflectionUtils.java:164) [surefire-api-2.10.jar:2.10]
	at org.apache.maven.surefire.booter.ProviderFactory$ProviderProxy.invoke(ProviderFactory.java:110) [surefire-booter-2.10.jar:2.10]
	at org.apache.maven.surefire.booter.SurefireStarter.invokeProvider(SurefireStarter.java:175) [surefire-booter-2.10.jar:2.10]
	at org.apache.maven.surefire.booter.SurefireStarter.runSuitesInProcessWhenForked(SurefireStarter.java:107) [surefire-booter-2.10.jar:2.10]
	at org.apache.maven.surefire.booter.ForkedBooter.main(ForkedBooter.java:68) [surefire-booter-2.10.jar:2.10]
Caused by: org.springframework.beans.factory.BeanCreationException: Error creating bean with name &apos;feedRepositoryImpl&apos;: Injection of autowired dependencies failed; nested exception is org.springframework.beans.factory.BeanCreationException: Could not autowire field: protected org.springframework.data.mongodb.core.MongoTemplate com.ulearning.ulms.appbackend.repository.impl.MongoRepositoryImpl.mongoTemplate; nested exception is org.springframework.beans.factory.NoSuchBeanDefinitionException: No matching bean of type [org.springframework.data.mongodb.core.MongoTemplate] found for dependency: expected at least 1 bean which qualifies as autowire candidate for this dependency. Dependency annotations: {@org.springframework.beans.factory.annotation.Autowired(required=true)}
	at org.springframework.beans.factory.annotation.AutowiredAnnotationBeanPostProcessor.postProcessPropertyValues(AutowiredAnnotationBeanPostProcessor.java:287) ~[spring-beans-3.1.2.RELEASE.jar:3.1.2.RELEASE]
	at org.springframework.beans.factory.support.AbstractAutowireCapableBeanFactory.populateBean(AbstractAutowireCapableBeanFactory.java:1106) ~[spring-beans-3.1.2.RELEASE.jar:3.1.2.RELEASE]
	at org.springframework.beans.factory.support.AbstractAutowireCapableBeanFactory.doCreateBean(AbstractAutowireCapableBeanFactory.java:517) ~[spring-beans-3.1.2.RELEASE.jar:3.1.2.RELEASE]
	at org.springframework.beans.factory.support.AbstractAutowireCapableBeanFactory.createBean(AbstractAutowireCapableBeanFactory.java:456) ~[spring-beans-3.1.2.RELEASE.jar:3.1.2.RELEASE]
	at org.springframework.beans.factory.support.AbstractBeanFactory$1.getObject(AbstractBeanFactory.java:294) ~[spring-beans-3.1.2.RELEASE.jar:3.1.2.RELEASE]
	at org.springframework.beans.factory.support.DefaultSingletonBeanRegistry.getSingleton(DefaultSingletonBeanRegistry.java:225) ~[spring-beans-3.1.2.RELEASE.jar:3.1.2.RELEASE]
	at org.springframework.beans.factory.support.AbstractBeanFactory.doGetBean(AbstractBeanFactory.java:291) ~[spring-beans-3.1.2.RELEASE.jar:3.1.2.RELEASE]
	at org.springframework.beans.factory.support.AbstractBeanFactory.getBean(AbstractBeanFactory.java:193) ~[spring-beans-3.1.2.RELEASE.jar:3.1.2.RELEASE]
	at org.springframework.beans.factory.support.DefaultListableBeanFactory.preInstantiateSingletons(DefaultListableBeanFactory.java:609) ~[spring-beans-3.1.2.RELEASE.jar:3.1.2.RELEASE]
	at org.springframework.context.support.AbstractApplicationContext.finishBeanFactoryInitialization(AbstractApplicationContext.java:918) ~[spring-context-3.1.2.RELEASE.jar:3.1.2.RELEASE]
	at org.springframework.context.support.AbstractApplicationContext.refresh(AbstractApplicationContext.java:469) ~[spring-context-3.1.2.RELEASE.jar:3.1.2.RELEASE]
	at org.springframework.test.context.support.AbstractGenericContextLoader.loadContext(AbstractGenericContextLoader.java:103) ~[spring-test-3.1.2.RELEASE.jar:3.1.2.RELEASE]
	at org.springframework.test.context.support.AbstractGenericContextLoader.loadContext(AbstractGenericContextLoader.java:1) ~[spring-test-3.1.2.RELEASE.jar:3.1.2.RELEASE]
	at org.springframework.test.context.support.DelegatingSmartContextLoader.loadContext(DelegatingSmartContextLoader.java:228) ~[spring-test-3.1.2.RELEASE.jar:3.1.2.RELEASE]
	at org.springframework.test.context.TestContext.loadApplicationContext(TestContext.java:124) ~[spring-test-3.1.2.RELEASE.jar:3.1.2.RELEASE]
	at org.springframework.test.context.TestContext.getApplicationContext(TestContext.java:148) ~[spring-test-3.1.2.RELEASE.jar:3.1.2.RELEASE]
	... 30 common frames omitted
Caused by: org.springframework.beans.factory.BeanCreationException: Could not autowire field: protected org.springframework.data.mongodb.core.MongoTemplate com.ulearning.ulms.appbackend.repository.impl.MongoRepositoryImpl.mongoTemplate; nested exception is org.springframework.beans.factory.NoSuchBeanDefinitionException: No matching bean of type [org.springframework.data.mongodb.core.MongoTemplate] found for dependency: expected at least 1 bean which qualifies as autowire candidate for this dependency. Dependency annotations: {@org.springframework.beans.factory.annotation.Autowired(required=true)}
	at org.springframework.beans.factory.annotation.AutowiredAnnotationBeanPostProcessor$AutowiredFieldElement.inject(AutowiredAnnotationBeanPostProcessor.java:506) ~[spring-beans-3.1.2.RELEASE.jar:3.1.2.RELEASE]
	at org.springframework.beans.factory.annotation.InjectionMetadata.inject(InjectionMetadata.java:87) ~[spring-beans-3.1.2.RELEASE.jar:3.1.2.RELEASE]
	at org.springframework.beans.factory.annotation.AutowiredAnnotationBeanPostProcessor.postProcessPropertyValues(AutowiredAnnotationBeanPostProcessor.java:284) ~[spring-beans-3.1.2.RELEASE.jar:3.1.2.RELEASE]
	... 45 common frames omitted
Caused by: org.springframework.beans.factory.NoSuchBeanDefinitionException: No matching bean of type [org.springframework.data.mongodb.core.MongoTemplate] found for dependency: expected at least 1 bean which qualifies as autowire candidate for this dependency. Dependency annotations: {@org.springframework.beans.factory.annotation.Autowired(required=true)}
	at org.springframework.beans.factory.support.DefaultListableBeanFactory.raiseNoSuchBeanDefinitionException(DefaultListableBeanFactory.java:952) ~[spring-beans-3.1.2.RELEASE.jar:3.1.2.RELEASE]
	at org.springframework.beans.factory.support.DefaultListableBeanFactory.doResolveDependency(DefaultListableBeanFactory.java:821) ~[spring-beans-3.1.2.RELEASE.jar:3.1.2.RELEASE]
	at org.springframework.beans.factory.support.DefaultListableBeanFactory.resolveDependency(DefaultListableBeanFactory.java:735) ~[spring-beans-3.1.2.RELEASE.jar:3.1.2.RELEASE]
	at org.springframework.beans.factory.annotation.AutowiredAnnotationBeanPostProcessor$AutowiredFieldElement.inject(AutowiredAnnotationBeanPostProcessor.java:478) ~[spring-beans-3.1.2.RELEASE.jar:3.1.2.RELEASE]
	... 47 common frames omitted
</system-out>
  </testcase>
</testsuite>